<?xml version="1.0" encoding="UTF-8"?>
<!-- Generated by org.testng.reporters.JUnitXMLReporter -->
<testsuite ignored="1" hostname="AmerkhanPC" failures="9" tests="72" name="ManualLockCodeConfirmation" time="13641.033" errors="0" timestamp="2023-09-09T16:29:59 IST">
  <testcase classname="manualLockCodeDelivery.Manual_GKR_Generate" name="testAuth" time="3.42"/>
  <testcase classname="manualLockCodeDelivery.Manual_GKR_Generate" name="testVerify2FA" time="1.661"/>
  <testcase classname="manualLockCodeDelivery.Manual_GKR_Generate" name="createGKR" time="2.351"/>
  <testcase classname="manualLockCodeDelivery.Manual_GKR_Generate" name="getKeyDetails" time="481.572"/>
  <testcase classname="manualLockCodeDelivery.Manual_GKR_Generate" name="getCodeDeliveryStatus" time="64.163"/>
  <testcase classname="manualLockCodeDelivery.Manual_GKR_Regeneration" name="testAuth" time="1.606"/>
  <testcase classname="manualLockCodeDelivery.Manual_GKR_Regeneration" name="testVerify2FA" time="1.483"/>
  <testcase classname="manualLockCodeDelivery.Manual_GKR_Regeneration" name="createGKR" time="2.903"/>
  <testcase classname="manualLockCodeDelivery.Manual_GKR_Regeneration" name="getKeyId" time="1.52"/>
  <testcase classname="manualLockCodeDelivery.Manual_GKR_Regeneration" name="getKeyDetails" time="1.531"/>
  <testcase classname="manualLockCodeDelivery.Manual_GKR_Regeneration" name="keyRegenerate" time="16.161"/>
  <testcase classname="manualLockCodeDelivery.Manual_GKR_Regeneration" name="getCodeDeliveryStatus" time="364.13"/>
  <testcase classname="manualLockCodeDelivery.Manual_GKR_Expire" name="testAuth" time="1.645"/>
  <testcase classname="manualLockCodeDelivery.Manual_GKR_Expire" name="testVerify2FA" time="1.467"/>
  <testcase classname="manualLockCodeDelivery.Manual_GKR_Expire" name="createGKR" time="1.912"/>
  <testcase classname="manualLockCodeDelivery.Manual_GKR_Expire" name="getKeyDetails" time="1.467"/>
  <testcase classname="manualLockCodeDelivery.Manual_GKR_Expire" name="getCodeDeliveryStatus" time="552.321"/>
  <testcase classname="manualLockCodeDelivery.Manual_SKR_Generate" name="testAuth" time="1.648"/>
  <testcase classname="manualLockCodeDelivery.Manual_SKR_Generate" name="testVerify2FA" time="1.526"/>
  <testcase classname="manualLockCodeDelivery.Manual_SKR_Generate" name="getuserId" time="1.482"/>
  <testcase classname="manualLockCodeDelivery.Manual_SKR_Generate" name="createSKR" time="1.737"/>
  <testcase classname="manualLockCodeDelivery.Manual_SKR_Generate" name="getCodeDeliveryStatus" time="482.714">
    <failure type="java.lang.AssertionError" message="expected [true] but found [false]">
      <![CDATA[java.lang.AssertionError: expected [true] but found [false]
at manualLockCodeDelivery.Manual_SKR_Generate.getCodeDeliveryStatus(Manual_SKR_Generate.java:191)
at java.base/java.util.ArrayList.forEach(ArrayList.java:1511)
... Removed 29 stack frames]]>
    </failure>
  </testcase> <!-- getCodeDeliveryStatus -->
  <testcase classname="manualLockCodeDelivery.Manual_SKR_Generate" name="getKeyDetails" time="2.472"/>
  <testcase classname="manualLockCodeDelivery.Manual_SKR_Regenerate" name="testAuth" time="1.632"/>
  <testcase classname="manualLockCodeDelivery.Manual_SKR_Regenerate" name="testVerify2FA" time="1.422"/>
  <testcase classname="manualLockCodeDelivery.Manual_SKR_Regenerate" name="getuserId" time="1.485"/>
  <testcase classname="manualLockCodeDelivery.Manual_SKR_Regenerate" name="createSKR" time="1.681"/>
  <testcase classname="manualLockCodeDelivery.Manual_SKR_Regenerate" name="getKeyId" time="1.421"/>
  <testcase classname="manualLockCodeDelivery.Manual_SKR_Regenerate" name="getKeyDetails" time="1.466"/>
  <testcase classname="manualLockCodeDelivery.Manual_SKR_Regenerate" name="keyRegenerate" time="12.604"/>
  <testcase classname="manualLockCodeDelivery.Manual_SKR_Regenerate" name="getCodeDeliveryStatus" time="547.273"/>
  <testcase classname="manualLockCodeDelivery.Manual_SKR_Regenerate" name="DeleteKeys" time="5.022"/>
  <testcase classname="manualLockCodeDelivery.Manual_SKR_Expiration" name="testAuth" time="1.568"/>
  <testcase classname="manualLockCodeDelivery.Manual_SKR_Expiration" name="testVerify2FA" time="1.427"/>
  <testcase classname="manualLockCodeDelivery.Manual_SKR_Expiration" name="getuserId" time="1.42"/>
  <testcase classname="manualLockCodeDelivery.Manual_SKR_Expiration" name="createSKR" time="1.683"/>
  <testcase classname="manualLockCodeDelivery.Manual_SKR_Expiration" name="getKeyDetails" time="541.643"/>
  <testcase classname="manualLockCodeDelivery.Manual_SKR_Expiration" name="getCodeDeliveryStatus" time="14.294"/>
  <testcase classname="manualLockCodeDelivery.Common_LockCode_Generation" name="testAuth" time="1.571"/>
  <testcase classname="manualLockCodeDelivery.Common_LockCode_Generation" name="testVerify2FA" time="1.445"/>
  <testcase classname="manualLockCodeDelivery.Common_LockCode_Generation" name="Generate_Common_Lock_codes" time="3.577"/>
  <testcase classname="manualLockCodeDelivery.Common_LockCode_Generation" name="CLCDetails" time="421.471"/>
  <testcase classname="manualLockCodeDelivery.Common_LockCode_Generation" name="getCodeDeliveryStatus" time="32.679"/>
  <testcase classname="manualLockCodeDelivery.Common_LockCode_Regeneration" name="testAuth" time="1.628"/>
  <testcase classname="manualLockCodeDelivery.Common_LockCode_Regeneration" name="testVerify2FA" time="2.382"/>
  <testcase classname="manualLockCodeDelivery.Common_LockCode_Regeneration" name="Generate_Common_Lock_codes" time="4.374"/>
  <testcase classname="manualLockCodeDelivery.Common_LockCode_Regeneration" name="RegenerateClc" time="3.154"/>
  <testcase classname="manualLockCodeDelivery.Common_LockCode_Regeneration" name="CLCDetails" time="8063.751">
    <failure type="java.lang.AssertionError" message="1 expectation failed.
Expected status code &amp;lt;200&amp;gt; but was &amp;lt;401&amp;gt;.
">
      <![CDATA[java.lang.AssertionError: 1 expectation failed.
Expected status code <200> but was <401>.

at org.codehaus.groovy.runtime.callsite.ConstructorSite$ConstructorSiteNoUnwrapNoCoerce.callConstructor(ConstructorSite.java:105)
at org.codehaus.groovy.runtime.callsite.CallSiteArray.defaultCallConstructor(CallSiteArray.java:59)
at org.codehaus.groovy.runtime.callsite.AbstractCallSite.callConstructor(AbstractCallSite.java:263)
at org.codehaus.groovy.runtime.callsite.AbstractCallSite.callConstructor(AbstractCallSite.java:277)
at io.restassured.internal.ResponseSpecificationImpl$HamcrestAssertionClosure.validate(ResponseSpecificationImpl.groovy:493)
at io.restassured.internal.ResponseSpecificationImpl$HamcrestAssertionClosure$validate$1.call(Unknown Source)
at io.restassured.internal.ResponseSpecificationImpl.validateResponseIfRequired(ResponseSpecificationImpl.groovy:674)
at org.codehaus.groovy.runtime.callsite.PlainObjectMetaMethodSite.doInvoke(PlainObjectMetaMethodSite.java:43)
at org.codehaus.groovy.runtime.callsite.PogoMetaMethodSite$PogoCachedMethodSiteNoUnwrapNoCoerce.invoke(PogoMetaMethodSite.java:193)
at org.codehaus.groovy.runtime.callsite.PogoMetaMethodSite.callCurrent(PogoMetaMethodSite.java:61)
at org.codehaus.groovy.runtime.callsite.AbstractCallSite.callCurrent(AbstractCallSite.java:185)
at io.restassured.internal.ResponseSpecificationImpl.statusCode(ResponseSpecificationImpl.groovy:126)
at io.restassured.specification.ResponseSpecification$statusCode$0.callCurrent(Unknown Source)
at io.restassured.internal.ResponseSpecificationImpl.statusCode(ResponseSpecificationImpl.groovy:134)
at io.restassured.internal.ValidatableResponseOptionsImpl.statusCode(ValidatableResponseOptionsImpl.java:89)
at io.restassured.internal.ValidatableResponseImpl.super$2$statusCode(ValidatableResponseImpl.groovy)
at groovy.lang.MetaMethod.doMethodInvoke(MetaMethod.java:323)
at groovy.lang.MetaClassImpl.invokeMethod(MetaClassImpl.java:1268)
at org.codehaus.groovy.runtime.ScriptBytecodeAdapter.invokeMethodOnSuperN(ScriptBytecodeAdapter.java:144)
at io.restassured.internal.ValidatableResponseImpl.statusCode(ValidatableResponseImpl.groovy:142)
at io.restassured.internal.ValidatableResponseImpl.statusCode(ValidatableResponseImpl.groovy)
at manualLockCodeDelivery.Common_LockCode_Regeneration.CLCDetails(Common_LockCode_Regeneration.java:171)
at java.base/java.util.ArrayList.forEach(ArrayList.java:1511)
... Removed 34 stack frames]]>
    </failure>
  </testcase> <!-- CLCDetails -->
  <testcase classname="manualLockCodeDelivery.Common_LockCode_Regeneration" name="getCodeDeliveryStatus" time="32.485">
    <failure type="java.lang.AssertionError" message="1 expectation failed.
Expected status code &amp;lt;200&amp;gt; but was &amp;lt;401&amp;gt;.
">
      <![CDATA[java.lang.AssertionError: 1 expectation failed.
Expected status code <200> but was <401>.

at org.codehaus.groovy.runtime.callsite.ConstructorSite$ConstructorSiteNoUnwrapNoCoerce.callConstructor(ConstructorSite.java:105)
at org.codehaus.groovy.runtime.callsite.AbstractCallSite.callConstructor(AbstractCallSite.java:277)
at io.restassured.internal.ResponseSpecificationImpl$HamcrestAssertionClosure.validate(ResponseSpecificationImpl.groovy:493)
at io.restassured.internal.ResponseSpecificationImpl$HamcrestAssertionClosure$validate$1.call(Unknown Source)
at io.restassured.internal.ResponseSpecificationImpl.validateResponseIfRequired(ResponseSpecificationImpl.groovy:674)
at org.codehaus.groovy.runtime.callsite.PlainObjectMetaMethodSite.doInvoke(PlainObjectMetaMethodSite.java:43)
at org.codehaus.groovy.runtime.callsite.PogoMetaMethodSite$PogoCachedMethodSiteNoUnwrapNoCoerce.invoke(PogoMetaMethodSite.java:193)
at org.codehaus.groovy.runtime.callsite.PogoMetaMethodSite.callCurrent(PogoMetaMethodSite.java:61)
at org.codehaus.groovy.runtime.callsite.AbstractCallSite.callCurrent(AbstractCallSite.java:185)
at io.restassured.internal.ResponseSpecificationImpl.statusCode(ResponseSpecificationImpl.groovy:126)
at io.restassured.specification.ResponseSpecification$statusCode$0.callCurrent(Unknown Source)
at io.restassured.internal.ResponseSpecificationImpl.statusCode(ResponseSpecificationImpl.groovy:134)
at io.restassured.internal.ValidatableResponseOptionsImpl.statusCode(ValidatableResponseOptionsImpl.java:89)
at io.restassured.internal.ValidatableResponseImpl.super$2$statusCode(ValidatableResponseImpl.groovy)
at groovy.lang.MetaMethod.doMethodInvoke(MetaMethod.java:323)
at groovy.lang.MetaClassImpl.invokeMethod(MetaClassImpl.java:1268)
at org.codehaus.groovy.runtime.ScriptBytecodeAdapter.invokeMethodOnSuperN(ScriptBytecodeAdapter.java:144)
at io.restassured.internal.ValidatableResponseImpl.statusCode(ValidatableResponseImpl.groovy:142)
at io.restassured.internal.ValidatableResponseImpl.statusCode(ValidatableResponseImpl.groovy)
at manualLockCodeDelivery.Common_LockCode_Regeneration.getCodeDeliveryStatus(Common_LockCode_Regeneration.java:197)
at java.base/java.util.ArrayList.forEach(ArrayList.java:1511)
... Removed 34 stack frames]]>
    </failure>
  </testcase> <!-- getCodeDeliveryStatus -->
  <testcase classname="manualLockCodeDelivery.Guest_master_code_Generation" name="testAuth" time="1.715"/>
  <testcase classname="manualLockCodeDelivery.Guest_master_code_Generation" name="testVerify2FA" time="1.452"/>
  <testcase classname="manualLockCodeDelivery.Guest_master_code_Generation" name="Generate_Guest_Master_codes" time="1.887"/>
  <testcase classname="manualLockCodeDelivery.Guest_master_code_Generation" name="getGMCDetails" time="421.61"/>
  <testcase classname="manualLockCodeDelivery.Guest_master_code_Generation" name="getCodeDeliveryStatus" time="2.838"/>
  <testcase classname="manualLockCodeDelivery.Guest_master_code_Regeneration" name="testAuth" time="1.731"/>
  <testcase classname="manualLockCodeDelivery.Guest_master_code_Regeneration" name="testVerify2FA" time="1.466"/>
  <testcase classname="manualLockCodeDelivery.Guest_master_code_Regeneration" name="Generate_Guest_Master_codes" time="1.509">
    <failure type="java.lang.AssertionError" message="1 expectation failed.
Expected status code &amp;lt;202&amp;gt; but was &amp;lt;400&amp;gt;.
">
      <![CDATA[java.lang.AssertionError: 1 expectation failed.
Expected status code <202> but was <400>.

at org.codehaus.groovy.runtime.callsite.ConstructorSite$ConstructorSiteNoUnwrapNoCoerce.callConstructor(ConstructorSite.java:105)
at org.codehaus.groovy.runtime.callsite.AbstractCallSite.callConstructor(AbstractCallSite.java:277)
at io.restassured.internal.ResponseSpecificationImpl$HamcrestAssertionClosure.validate(ResponseSpecificationImpl.groovy:493)
at io.restassured.internal.ResponseSpecificationImpl$HamcrestAssertionClosure$validate$1.call(Unknown Source)
at io.restassured.internal.ResponseSpecificationImpl.validateResponseIfRequired(ResponseSpecificationImpl.groovy:674)
at org.codehaus.groovy.runtime.callsite.PlainObjectMetaMethodSite.doInvoke(PlainObjectMetaMethodSite.java:43)
at org.codehaus.groovy.runtime.callsite.PogoMetaMethodSite$PogoCachedMethodSiteNoUnwrapNoCoerce.invoke(PogoMetaMethodSite.java:193)
at org.codehaus.groovy.runtime.callsite.PogoMetaMethodSite.callCurrent(PogoMetaMethodSite.java:61)
at org.codehaus.groovy.runtime.callsite.AbstractCallSite.callCurrent(AbstractCallSite.java:185)
at io.restassured.internal.ResponseSpecificationImpl.statusCode(ResponseSpecificationImpl.groovy:126)
at io.restassured.specification.ResponseSpecification$statusCode$0.callCurrent(Unknown Source)
at io.restassured.internal.ResponseSpecificationImpl.statusCode(ResponseSpecificationImpl.groovy:134)
at io.restassured.internal.ValidatableResponseOptionsImpl.statusCode(ValidatableResponseOptionsImpl.java:89)
at io.restassured.internal.ValidatableResponseImpl.super$2$statusCode(ValidatableResponseImpl.groovy)
at groovy.lang.MetaMethod.doMethodInvoke(MetaMethod.java:323)
at groovy.lang.MetaClassImpl.invokeMethod(MetaClassImpl.java:1268)
at org.codehaus.groovy.runtime.ScriptBytecodeAdapter.invokeMethodOnSuperN(ScriptBytecodeAdapter.java:144)
at io.restassured.internal.ValidatableResponseImpl.statusCode(ValidatableResponseImpl.groovy:142)
at io.restassured.internal.ValidatableResponseImpl.statusCode(ValidatableResponseImpl.groovy)
at manualLockCodeDelivery.Guest_master_code_Regeneration.Generate_Guest_Master_codes(Guest_master_code_Regeneration.java:89)
at java.base/java.util.ArrayList.forEach(ArrayList.java:1511)
... Removed 34 stack frames]]>
    </failure>
  </testcase> <!-- Generate_Guest_Master_codes -->
  <testcase classname="manualLockCodeDelivery.Guest_master_code_Regeneration" name="getGMCDetails" time="361.574"/>
  <testcase classname="manualLockCodeDelivery.Guest_master_code_Regeneration" name="RegenerateGMC" time="18.708"/>
  <testcase classname="manualLockCodeDelivery.Guest_master_code_Regeneration" name="getCodeDeliveryStatus" time="242.869"/>
  <testcase classname="manualLockCodeDelivery.Fire_safety_code_generation" name="testAuth" time="1.632"/>
  <testcase classname="manualLockCodeDelivery.Fire_safety_code_generation" name="testVerify2FA" time="1.468"/>
  <testcase classname="manualLockCodeDelivery.Fire_safety_code_generation" name="Generate_Fire_Safety_codes" time="1.866"/>
  <testcase classname="manualLockCodeDelivery.Fire_safety_code_generation" name="FSCDetails" time="301.532"/>
  <testcase classname="manualLockCodeDelivery.Fire_safety_code_generation" name="getCodeDeliveryStatus" time="61.516">
    <failure type="java.lang.AssertionError" message="expected [true] but found [false]">
      <![CDATA[java.lang.AssertionError: expected [true] but found [false]
at manualLockCodeDelivery.Fire_safety_code_generation.getCodeDeliveryStatus(Fire_safety_code_generation.java:125)
at java.base/java.util.ArrayList.forEach(ArrayList.java:1511)
... Removed 31 stack frames]]>
    </failure>
  </testcase> <!-- getCodeDeliveryStatus -->
  <testcase classname="manualLockCodeDelivery.Fire_safety_code_Regeneration" name="testAuth" time="1.613"/>
  <testcase classname="manualLockCodeDelivery.Fire_safety_code_Regeneration" name="testVerify2FA" time="1.513"/>
  <testcase classname="manualLockCodeDelivery.Fire_safety_code_Regeneration" name="Generate_Fire_Safety_codes" time="1.543">
    <failure type="java.lang.AssertionError" message="1 expectation failed.
Expected status code &amp;lt;201&amp;gt; but was &amp;lt;400&amp;gt;.
">
      <![CDATA[java.lang.AssertionError: 1 expectation failed.
Expected status code <201> but was <400>.

at org.codehaus.groovy.runtime.callsite.ConstructorSite$ConstructorSiteNoUnwrapNoCoerce.callConstructor(ConstructorSite.java:105)
at org.codehaus.groovy.runtime.callsite.AbstractCallSite.callConstructor(AbstractCallSite.java:277)
at io.restassured.internal.ResponseSpecificationImpl$HamcrestAssertionClosure.validate(ResponseSpecificationImpl.groovy:493)
at io.restassured.internal.ResponseSpecificationImpl$HamcrestAssertionClosure$validate$1.call(Unknown Source)
at io.restassured.internal.ResponseSpecificationImpl.validateResponseIfRequired(ResponseSpecificationImpl.groovy:674)
at org.codehaus.groovy.runtime.callsite.PlainObjectMetaMethodSite.doInvoke(PlainObjectMetaMethodSite.java:43)
at org.codehaus.groovy.runtime.callsite.PogoMetaMethodSite$PogoCachedMethodSiteNoUnwrapNoCoerce.invoke(PogoMetaMethodSite.java:193)
at org.codehaus.groovy.runtime.callsite.PogoMetaMethodSite.callCurrent(PogoMetaMethodSite.java:61)
at org.codehaus.groovy.runtime.callsite.AbstractCallSite.callCurrent(AbstractCallSite.java:185)
at io.restassured.internal.ResponseSpecificationImpl.statusCode(ResponseSpecificationImpl.groovy:126)
at io.restassured.specification.ResponseSpecification$statusCode$0.callCurrent(Unknown Source)
at io.restassured.internal.ResponseSpecificationImpl.statusCode(ResponseSpecificationImpl.groovy:134)
at io.restassured.internal.ValidatableResponseOptionsImpl.statusCode(ValidatableResponseOptionsImpl.java:89)
at io.restassured.internal.ValidatableResponseImpl.super$2$statusCode(ValidatableResponseImpl.groovy)
at groovy.lang.MetaMethod.doMethodInvoke(MetaMethod.java:323)
at groovy.lang.MetaClassImpl.invokeMethod(MetaClassImpl.java:1268)
at org.codehaus.groovy.runtime.ScriptBytecodeAdapter.invokeMethodOnSuperN(ScriptBytecodeAdapter.java:144)
at io.restassured.internal.ValidatableResponseImpl.statusCode(ValidatableResponseImpl.groovy:142)
at io.restassured.internal.ValidatableResponseImpl.statusCode(ValidatableResponseImpl.groovy)
at manualLockCodeDelivery.Fire_safety_code_Regeneration.Generate_Fire_Safety_codes(Fire_safety_code_Regeneration.java:81)
at java.base/java.util.ArrayList.forEach(ArrayList.java:1511)
... Removed 34 stack frames]]>
    </failure>
  </testcase> <!-- Generate_Fire_Safety_codes -->
  <testcase classname="manualLockCodeDelivery.Fire_safety_code_Regeneration" name="FscDetails" time="61.53"/>
  <testcase classname="manualLockCodeDelivery.Fire_safety_code_Regeneration" name="FSCRegenerate" time="0.003">
    <failure type="java.lang.IllegalArgumentException" message="parameterValue cannot be null">
      <![CDATA[java.lang.IllegalArgumentException: parameterValue cannot be null
at org.codehaus.groovy.runtime.callsite.ConstructorSite$ConstructorSiteNoUnwrap.callConstructor(ConstructorSite.java:84)
at org.codehaus.groovy.runtime.callsite.CallSiteArray.defaultCallConstructor(CallSiteArray.java:59)
at org.codehaus.groovy.runtime.callsite.AbstractCallSite.callConstructor(AbstractCallSite.java:263)
at org.codehaus.groovy.runtime.callsite.AbstractCallSite.callConstructor(AbstractCallSite.java:277)
at io.restassured.internal.common.assertion.AssertParameter.notNull(AssertParameter.groovy:26)
at io.restassured.internal.common.assertion.AssertParameter$notNull.callStatic(Unknown Source)
at org.codehaus.groovy.runtime.callsite.CallSiteArray.defaultCallStatic(CallSiteArray.java:55)
at io.restassured.internal.common.assertion.AssertParameter$notNull.callStatic(Unknown Source)
at io.restassured.internal.RequestSpecificationImpl.pathParam(RequestSpecificationImpl.groovy:516)
at manualLockCodeDelivery.Fire_safety_code_Regeneration.FSCRegenerate(Fire_safety_code_Regeneration.java:113)
at java.base/java.util.ArrayList.forEach(ArrayList.java:1511)
... Removed 30 stack frames]]>
    </failure>
  </testcase> <!-- FSCRegenerate -->
  <testcase classname="manualLockCodeDelivery.Fire_safety_code_Regeneration" name="getCodeDeliveryStatus" time="420.01">
    <failure type="java.lang.IllegalArgumentException" message="parameterValue cannot be null">
      <![CDATA[java.lang.IllegalArgumentException: parameterValue cannot be null
at org.codehaus.groovy.runtime.callsite.ConstructorSite$ConstructorSiteNoUnwrap.callConstructor(ConstructorSite.java:84)
at org.codehaus.groovy.runtime.callsite.AbstractCallSite.callConstructor(AbstractCallSite.java:277)
at io.restassured.internal.common.assertion.AssertParameter.notNull(AssertParameter.groovy:26)
at io.restassured.internal.common.assertion.AssertParameter$notNull.callStatic(Unknown Source)
at io.restassured.internal.RequestSpecificationImpl.pathParam(RequestSpecificationImpl.groovy:516)
at manualLockCodeDelivery.Fire_safety_code_Regeneration.getCodeDeliveryStatus(Fire_safety_code_Regeneration.java:133)
at java.base/java.util.ArrayList.forEach(ArrayList.java:1511)
... Removed 30 stack frames]]>
    </failure>
  </testcase> <!-- getCodeDeliveryStatus -->
  <testcase classname="manualLockCodeDelivery.Fire_safety_code_Regeneration" name="smartthingsverification" time="31.239">
    <failure type="java.lang.AssertionError" message="1 expectation failed.
Expected status code &amp;lt;200&amp;gt; but was &amp;lt;403&amp;gt;.
">
      <![CDATA[java.lang.AssertionError: 1 expectation failed.
Expected status code <200> but was <403>.

at org.codehaus.groovy.runtime.callsite.ConstructorSite$ConstructorSiteNoUnwrapNoCoerce.callConstructor(ConstructorSite.java:105)
at org.codehaus.groovy.runtime.callsite.AbstractCallSite.callConstructor(AbstractCallSite.java:277)
at io.restassured.internal.ResponseSpecificationImpl$HamcrestAssertionClosure.validate(ResponseSpecificationImpl.groovy:493)
at io.restassured.internal.ResponseSpecificationImpl$HamcrestAssertionClosure$validate$1.call(Unknown Source)
at io.restassured.internal.ResponseSpecificationImpl.validateResponseIfRequired(ResponseSpecificationImpl.groovy:674)
at org.codehaus.groovy.runtime.callsite.PlainObjectMetaMethodSite.doInvoke(PlainObjectMetaMethodSite.java:43)
at org.codehaus.groovy.runtime.callsite.PogoMetaMethodSite$PogoCachedMethodSiteNoUnwrapNoCoerce.invoke(PogoMetaMethodSite.java:193)
at org.codehaus.groovy.runtime.callsite.PogoMetaMethodSite.callCurrent(PogoMetaMethodSite.java:61)
at org.codehaus.groovy.runtime.callsite.AbstractCallSite.callCurrent(AbstractCallSite.java:185)
at io.restassured.internal.ResponseSpecificationImpl.statusCode(ResponseSpecificationImpl.groovy:126)
at io.restassured.specification.ResponseSpecification$statusCode$0.callCurrent(Unknown Source)
at io.restassured.internal.ResponseSpecificationImpl.statusCode(ResponseSpecificationImpl.groovy:134)
at io.restassured.internal.ValidatableResponseOptionsImpl.statusCode(ValidatableResponseOptionsImpl.java:89)
at io.restassured.internal.ValidatableResponseImpl.super$2$statusCode(ValidatableResponseImpl.groovy)
at groovy.lang.MetaMethod.doMethodInvoke(MetaMethod.java:323)
at groovy.lang.MetaClassImpl.invokeMethod(MetaClassImpl.java:1268)
at org.codehaus.groovy.runtime.ScriptBytecodeAdapter.invokeMethodOnSuperN(ScriptBytecodeAdapter.java:144)
at io.restassured.internal.ValidatableResponseImpl.statusCode(ValidatableResponseImpl.groovy:142)
at io.restassured.internal.ValidatableResponseImpl.statusCode(ValidatableResponseImpl.groovy)
at manualLockCodeDelivery.Fire_safety_code_Regeneration.smartthingsverification(Fire_safety_code_Regeneration.java:153)
at java.base/java.util.ArrayList.forEach(ArrayList.java:1511)
... Removed 34 stack frames]]>
    </failure>
  </testcase> <!-- smartthingsverification -->
  <testcase classname="manualLockCodeDelivery.Manual_SKR_Generate" name="DeleteKeys" time="0.0">
    <ignored/>
  </testcase> <!-- DeleteKeys -->
</testsuite> <!-- ManualLockCodeConfirmation -->
