<html>
<head>
<title>TestNG:  ManualLockCodeConfirmation</title>
<link href="../testng.css" rel="stylesheet" type="text/css" />
<link href="../my-testng.css" rel="stylesheet" type="text/css" />

<style type="text/css">
.log { display: none;} 
.stack-trace { display: none;} 
</style>
<script type="text/javascript">
<!--
function flip(e) {
  current = e.style.display;
  if (current == 'block') {
    e.style.display = 'none';
    return 0;
  }
  else {
    e.style.display = 'block';
    return 1;
  }
}

function toggleBox(szDivId, elem, msg1, msg2)
{
  var res = -1;  if (document.getElementById) {
    res = flip(document.getElementById(szDivId));
  }
  else if (document.all) {
    // this is the way old msie versions work
    res = flip(document.all[szDivId]);
  }
  if(elem) {
    if(res == 0) elem.innerHTML = msg1; else elem.innerHTML = msg2;
  }

}

function toggleAllBoxes() {
  if (document.getElementsByTagName) {
    d = document.getElementsByTagName('div');
    for (i = 0; i < d.length; i++) {
      if (d[i].className == 'log') {
        flip(d[i]);
      }
    }
  }
}

// -->
</script>

</head>
<body>
<h2 align='center'>ManualLockCodeConfirmation</h2><table border='1' align="center">
<tr>
<td>Tests passed/Failed/Skipped:</td><td>63/9/0</td>
</tr><tr>
<td>Started on:</td><td>Sat Sep 09 12:42:38 IST 2023</td>
</tr>
<tr><td>Total time:</td><td>13641 seconds (13641033 ms)</td>
</tr><tr>
<td>Included groups:</td><td></td>
</tr><tr>
<td>Excluded groups:</td><td></td>
</tr>
</table><p/>
<small><i>(Hover the method name to see the test class name)</i></small><p/>
<table width='100%' border='1' class='invocation-failed'>
<tr><td colspan='4' align='center'><b>FAILED TESTS</b></td></tr>
<tr><td><b>Test method</b></td>
<td><b>Attribute(s)</b></td>
<td width="30%"><b>Exception</b></td>
<td width="10%"><b>Time (seconds)</b></td>
<td><b>Instance</b></td>
</tr>
<tr>
<td title='manualLockCodeDelivery.Fire_safety_code_Regeneration.smartthingsverification()'><b>smartthingsverification</b><br>Test class: manualLockCodeDelivery.Fire_safety_code_Regeneration</td>
<td><div><pre>java.lang.AssertionError: 1 expectation failed.
Expected status code &lt;200&gt; but was &lt;403&gt;.

	at org.codehaus.groovy.runtime.callsite.ConstructorSite$ConstructorSiteNoUnwrapNoCoerce.callConstructor(ConstructorSite.java:105)
	at org.codehaus.groovy.runtime.callsite.AbstractCallSite.callConstructor(AbstractCallSite.java:277)
	at io.restassured.internal.ResponseSpecificationImpl$HamcrestAssertionClosure.validate(ResponseSpecificationImpl.groovy:493)
	at io.restassured.internal.ResponseSpecificationImpl$HamcrestAssertionClosure$validate$1.call(Unknown Source)
	at io.restassured.internal.ResponseSpecificationImpl.validateResponseIfRequired(ResponseSpecificationImpl.groovy:674)
	at org.codehaus.groovy.runtime.callsite.PlainObjectMetaMethodSite.doInvoke(PlainObjectMetaMethodSite.java:43)
	at org.codehaus.groovy.runtime.callsite.PogoMetaMethodSite$PogoCachedMethodSiteNoUnwrapNoCoerce.invoke(PogoMetaMethodSite.java:193)
	at org.codehaus.groovy.runtime.callsite.PogoMetaMethodSite.callCurrent(PogoMetaMethodSite.java:61)
	at org.codehaus.groovy.runtime.callsite.AbstractCallSite.callCurrent(AbstractCallSite.java:185)
	at io.restassured.internal.ResponseSpecificationImpl.statusCode(ResponseSpecificationImpl.groovy:126)
	at io.restassured.specification.ResponseSpecification$statusCode$0.callCurrent(Unknown Source)
	at io.restassured.internal.ResponseSpecificationImpl.statusCode(ResponseSpecificationImpl.groovy:134)
	at io.restassured.internal.ValidatableResponseOptionsImpl.statusCode(ValidatableResponseOptionsImpl.java:89)
	at io.restassured.internal.ValidatableResponseImpl.super$2$statusCode(ValidatableResponseImpl.groovy)
	at groovy.lang.MetaMethod.doMethodInvoke(MetaMethod.java:323)
	at groovy.lang.MetaClassImpl.invokeMethod(MetaClassImpl.java:1268)
	at org.codehaus.groovy.runtime.ScriptBytecodeAdapter.invokeMethodOnSuperN(ScriptBytecodeAdapter.java:144)
	at io.restassured.internal.ValidatableResponseImpl.statusCode(ValidatableResponseImpl.groovy:142)
	at io.restassured.internal.ValidatableResponseImpl.statusCode(ValidatableResponseImpl.groovy)
	at manualLockCodeDelivery.Fire_safety_code_Regeneration.smartthingsverification(Fire_safety_code_Regeneration.java:153)
	at java.base/java.util.ArrayList.forEach(ArrayList.java:1511)
... Removed 34 stack frames</pre></div><a href='#' onClick='toggleBox("stack-trace1622460244", this, "Click to show all stack frames", "Click to hide stack frames")'>Click to show all stack frames</a>
<div class='stack-trace' id='stack-trace1622460244'><pre>java.lang.AssertionError: 1 expectation failed.
Expected status code &lt;200&gt; but was &lt;403&gt;.

	at java.base/jdk.internal.reflect.DirectConstructorHandleAccessor.newInstance(DirectConstructorHandleAccessor.java:67)
	at java.base/java.lang.reflect.Constructor.newInstanceWithCaller(Constructor.java:500)
	at java.base/java.lang.reflect.Constructor.newInstance(Constructor.java:484)
	at org.codehaus.groovy.reflection.CachedConstructor.invoke(CachedConstructor.java:72)
	at org.codehaus.groovy.runtime.callsite.ConstructorSite$ConstructorSiteNoUnwrapNoCoerce.callConstructor(ConstructorSite.java:105)
	at org.codehaus.groovy.runtime.callsite.AbstractCallSite.callConstructor(AbstractCallSite.java:277)
	at io.restassured.internal.ResponseSpecificationImpl$HamcrestAssertionClosure.validate(ResponseSpecificationImpl.groovy:493)
	at io.restassured.internal.ResponseSpecificationImpl$HamcrestAssertionClosure$validate$1.call(Unknown Source)
	at io.restassured.internal.ResponseSpecificationImpl.validateResponseIfRequired(ResponseSpecificationImpl.groovy:674)
	at java.base/jdk.internal.reflect.DirectMethodHandleAccessor.invoke(DirectMethodHandleAccessor.java:104)
	at java.base/java.lang.reflect.Method.invoke(Method.java:578)
	at org.codehaus.groovy.runtime.callsite.PlainObjectMetaMethodSite.doInvoke(PlainObjectMetaMethodSite.java:43)
	at org.codehaus.groovy.runtime.callsite.PogoMetaMethodSite$PogoCachedMethodSiteNoUnwrapNoCoerce.invoke(PogoMetaMethodSite.java:193)
	at org.codehaus.groovy.runtime.callsite.PogoMetaMethodSite.callCurrent(PogoMetaMethodSite.java:61)
	at org.codehaus.groovy.runtime.callsite.AbstractCallSite.callCurrent(AbstractCallSite.java:185)
	at io.restassured.internal.ResponseSpecificationImpl.statusCode(ResponseSpecificationImpl.groovy:126)
	at io.restassured.specification.ResponseSpecification$statusCode$0.callCurrent(Unknown Source)
	at io.restassured.internal.ResponseSpecificationImpl.statusCode(ResponseSpecificationImpl.groovy:134)
	at io.restassured.internal.ValidatableResponseOptionsImpl.statusCode(ValidatableResponseOptionsImpl.java:89)
	at io.restassured.internal.ValidatableResponseImpl.super$2$statusCode(ValidatableResponseImpl.groovy)
	at java.base/jdk.internal.reflect.DirectMethodHandleAccessor.invoke(DirectMethodHandleAccessor.java:104)
	at java.base/java.lang.reflect.Method.invoke(Method.java:578)
	at org.codehaus.groovy.reflection.CachedMethod.invoke(CachedMethod.java:107)
	at groovy.lang.MetaMethod.doMethodInvoke(MetaMethod.java:323)
	at groovy.lang.MetaClassImpl.invokeMethod(MetaClassImpl.java:1268)
	at org.codehaus.groovy.runtime.ScriptBytecodeAdapter.invokeMethodOnSuperN(ScriptBytecodeAdapter.java:144)
	at io.restassured.internal.ValidatableResponseImpl.statusCode(ValidatableResponseImpl.groovy:142)
	at io.restassured.internal.ValidatableResponseImpl.statusCode(ValidatableResponseImpl.groovy)
	at manualLockCodeDelivery.Fire_safety_code_Regeneration.smartthingsverification(Fire_safety_code_Regeneration.java:153)
	at java.base/jdk.internal.reflect.DirectMethodHandleAccessor.invoke(DirectMethodHandleAccessor.java:104)
	at java.base/java.lang.reflect.Method.invoke(Method.java:578)
	at org.testng.internal.invokers.MethodInvocationHelper.invokeMethod(MethodInvocationHelper.java:139)
	at org.testng.internal.invokers.TestInvoker.invokeMethod(TestInvoker.java:664)
	at org.testng.internal.invokers.TestInvoker.invokeTestMethod(TestInvoker.java:227)
	at org.testng.internal.invokers.MethodRunner.runInSequence(MethodRunner.java:50)
	at org.testng.internal.invokers.TestInvoker$MethodInvocationAgent.invoke(TestInvoker.java:957)
	at org.testng.internal.invokers.TestInvoker.invokeTestMethods(TestInvoker.java:200)
	at org.testng.internal.invokers.TestMethodWorker.invokeTestMethods(TestMethodWorker.java:148)
	at org.testng.internal.invokers.TestMethodWorker.run(TestMethodWorker.java:128)
	at java.base/java.util.ArrayList.forEach(ArrayList.java:1511)
	at org.testng.TestRunner.privateRun(TestRunner.java:848)
	at org.testng.TestRunner.run(TestRunner.java:621)
	at org.testng.SuiteRunner.runTest(SuiteRunner.java:443)
	at org.testng.SuiteRunner.runSequentially(SuiteRunner.java:437)
	at org.testng.SuiteRunner.privateRun(SuiteRunner.java:397)
	at org.testng.SuiteRunner.run(SuiteRunner.java:336)
	at org.testng.SuiteRunnerWorker.runSuite(SuiteRunnerWorker.java:52)
	at org.testng.SuiteRunnerWorker.run(SuiteRunnerWorker.java:95)
	at org.testng.TestNG.runSuitesSequentially(TestNG.java:1280)
	at org.testng.TestNG.runSuitesLocally(TestNG.java:1200)
	at org.testng.TestNG.runSuites(TestNG.java:1114)
	at org.testng.TestNG.run(TestNG.java:1082)
	at org.testng.remote.AbstractRemoteTestNG.run(AbstractRemoteTestNG.java:115)
	at org.testng.remote.RemoteTestNG.initAndRun(RemoteTestNG.java:251)
	at org.testng.remote.RemoteTestNG.main(RemoteTestNG.java:77)
</pre></div></td>
<td>31</td>
<td>manualLockCodeDelivery.Fire_safety_code_Regeneration@1c1bbc4e</td></tr>
<tr>
<td title='manualLockCodeDelivery.Fire_safety_code_Regeneration.FSCRegenerate()'><b>FSCRegenerate</b><br>Test class: manualLockCodeDelivery.Fire_safety_code_Regeneration</td>
<td><div><pre>java.lang.IllegalArgumentException: parameterValue cannot be null
	at org.codehaus.groovy.runtime.callsite.ConstructorSite$ConstructorSiteNoUnwrap.callConstructor(ConstructorSite.java:84)
	at org.codehaus.groovy.runtime.callsite.CallSiteArray.defaultCallConstructor(CallSiteArray.java:59)
	at org.codehaus.groovy.runtime.callsite.AbstractCallSite.callConstructor(AbstractCallSite.java:263)
	at org.codehaus.groovy.runtime.callsite.AbstractCallSite.callConstructor(AbstractCallSite.java:277)
	at io.restassured.internal.common.assertion.AssertParameter.notNull(AssertParameter.groovy:26)
	at io.restassured.internal.common.assertion.AssertParameter$notNull.callStatic(Unknown Source)
	at org.codehaus.groovy.runtime.callsite.CallSiteArray.defaultCallStatic(CallSiteArray.java:55)
	at io.restassured.internal.common.assertion.AssertParameter$notNull.callStatic(Unknown Source)
	at io.restassured.internal.RequestSpecificationImpl.pathParam(RequestSpecificationImpl.groovy:516)
	at manualLockCodeDelivery.Fire_safety_code_Regeneration.FSCRegenerate(Fire_safety_code_Regeneration.java:113)
	at java.base/java.util.ArrayList.forEach(ArrayList.java:1511)
... Removed 30 stack frames</pre></div><a href='#' onClick='toggleBox("stack-trace1696962359", this, "Click to show all stack frames", "Click to hide stack frames")'>Click to show all stack frames</a>
<div class='stack-trace' id='stack-trace1696962359'><pre>java.lang.IllegalArgumentException: parameterValue cannot be null
	at java.base/jdk.internal.reflect.DirectConstructorHandleAccessor.newInstance(DirectConstructorHandleAccessor.java:67)
	at java.base/java.lang.reflect.Constructor.newInstanceWithCaller(Constructor.java:500)
	at java.base/java.lang.reflect.Constructor.newInstance(Constructor.java:484)
	at org.codehaus.groovy.reflection.CachedConstructor.invoke(CachedConstructor.java:72)
	at org.codehaus.groovy.reflection.CachedConstructor.doConstructorInvoke(CachedConstructor.java:59)
	at org.codehaus.groovy.runtime.callsite.ConstructorSite$ConstructorSiteNoUnwrap.callConstructor(ConstructorSite.java:84)
	at org.codehaus.groovy.runtime.callsite.CallSiteArray.defaultCallConstructor(CallSiteArray.java:59)
	at org.codehaus.groovy.runtime.callsite.AbstractCallSite.callConstructor(AbstractCallSite.java:263)
	at org.codehaus.groovy.runtime.callsite.AbstractCallSite.callConstructor(AbstractCallSite.java:277)
	at io.restassured.internal.common.assertion.AssertParameter.notNull(AssertParameter.groovy:26)
	at io.restassured.internal.common.assertion.AssertParameter$notNull.callStatic(Unknown Source)
	at org.codehaus.groovy.runtime.callsite.CallSiteArray.defaultCallStatic(CallSiteArray.java:55)
	at io.restassured.internal.common.assertion.AssertParameter$notNull.callStatic(Unknown Source)
	at io.restassured.internal.RequestSpecificationImpl.pathParam(RequestSpecificationImpl.groovy:516)
	at manualLockCodeDelivery.Fire_safety_code_Regeneration.FSCRegenerate(Fire_safety_code_Regeneration.java:113)
	at java.base/jdk.internal.reflect.DirectMethodHandleAccessor.invoke(DirectMethodHandleAccessor.java:104)
	at java.base/java.lang.reflect.Method.invoke(Method.java:578)
	at org.testng.internal.invokers.MethodInvocationHelper.invokeMethod(MethodInvocationHelper.java:139)
	at org.testng.internal.invokers.TestInvoker.invokeMethod(TestInvoker.java:664)
	at org.testng.internal.invokers.TestInvoker.invokeTestMethod(TestInvoker.java:227)
	at org.testng.internal.invokers.MethodRunner.runInSequence(MethodRunner.java:50)
	at org.testng.internal.invokers.TestInvoker$MethodInvocationAgent.invoke(TestInvoker.java:957)
	at org.testng.internal.invokers.TestInvoker.invokeTestMethods(TestInvoker.java:200)
	at org.testng.internal.invokers.TestMethodWorker.invokeTestMethods(TestMethodWorker.java:148)
	at org.testng.internal.invokers.TestMethodWorker.run(TestMethodWorker.java:128)
	at java.base/java.util.ArrayList.forEach(ArrayList.java:1511)
	at org.testng.TestRunner.privateRun(TestRunner.java:848)
	at org.testng.TestRunner.run(TestRunner.java:621)
	at org.testng.SuiteRunner.runTest(SuiteRunner.java:443)
	at org.testng.SuiteRunner.runSequentially(SuiteRunner.java:437)
	at org.testng.SuiteRunner.privateRun(SuiteRunner.java:397)
	at org.testng.SuiteRunner.run(SuiteRunner.java:336)
	at org.testng.SuiteRunnerWorker.runSuite(SuiteRunnerWorker.java:52)
	at org.testng.SuiteRunnerWorker.run(SuiteRunnerWorker.java:95)
	at org.testng.TestNG.runSuitesSequentially(TestNG.java:1280)
	at org.testng.TestNG.runSuitesLocally(TestNG.java:1200)
	at org.testng.TestNG.runSuites(TestNG.java:1114)
	at org.testng.TestNG.run(TestNG.java:1082)
	at org.testng.remote.AbstractRemoteTestNG.run(AbstractRemoteTestNG.java:115)
	at org.testng.remote.RemoteTestNG.initAndRun(RemoteTestNG.java:251)
	at org.testng.remote.RemoteTestNG.main(RemoteTestNG.java:77)
</pre></div></td>
<td>0</td>
<td>manualLockCodeDelivery.Fire_safety_code_Regeneration@1c1bbc4e</td></tr>
<tr>
<td title='manualLockCodeDelivery.Common_LockCode_Regeneration.CLCDetails()'><b>CLCDetails</b><br>Test class: manualLockCodeDelivery.Common_LockCode_Regeneration</td>
<td><div><pre>java.lang.AssertionError: 1 expectation failed.
Expected status code &lt;200&gt; but was &lt;401&gt;.

	at org.codehaus.groovy.runtime.callsite.ConstructorSite$ConstructorSiteNoUnwrapNoCoerce.callConstructor(ConstructorSite.java:105)
	at org.codehaus.groovy.runtime.callsite.CallSiteArray.defaultCallConstructor(CallSiteArray.java:59)
	at org.codehaus.groovy.runtime.callsite.AbstractCallSite.callConstructor(AbstractCallSite.java:263)
	at org.codehaus.groovy.runtime.callsite.AbstractCallSite.callConstructor(AbstractCallSite.java:277)
	at io.restassured.internal.ResponseSpecificationImpl$HamcrestAssertionClosure.validate(ResponseSpecificationImpl.groovy:493)
	at io.restassured.internal.ResponseSpecificationImpl$HamcrestAssertionClosure$validate$1.call(Unknown Source)
	at io.restassured.internal.ResponseSpecificationImpl.validateResponseIfRequired(ResponseSpecificationImpl.groovy:674)
	at org.codehaus.groovy.runtime.callsite.PlainObjectMetaMethodSite.doInvoke(PlainObjectMetaMethodSite.java:43)
	at org.codehaus.groovy.runtime.callsite.PogoMetaMethodSite$PogoCachedMethodSiteNoUnwrapNoCoerce.invoke(PogoMetaMethodSite.java:193)
	at org.codehaus.groovy.runtime.callsite.PogoMetaMethodSite.callCurrent(PogoMetaMethodSite.java:61)
	at org.codehaus.groovy.runtime.callsite.AbstractCallSite.callCurrent(AbstractCallSite.java:185)
	at io.restassured.internal.ResponseSpecificationImpl.statusCode(ResponseSpecificationImpl.groovy:126)
	at io.restassured.specification.ResponseSpecification$statusCode$0.callCurrent(Unknown Source)
	at io.restassured.internal.ResponseSpecificationImpl.statusCode(ResponseSpecificationImpl.groovy:134)
	at io.restassured.internal.ValidatableResponseOptionsImpl.statusCode(ValidatableResponseOptionsImpl.java:89)
	at io.restassured.internal.ValidatableResponseImpl.super$2$statusCode(ValidatableResponseImpl.groovy)
	at groovy.lang.MetaMethod.doMethodInvoke(MetaMethod.java:323)
	at groovy.lang.MetaClassImpl.invokeMethod(MetaClassImpl.java:1268)
	at org.codehaus.groovy.runtime.ScriptBytecodeAdapter.invokeMethodOnSuperN(ScriptBytecodeAdapter.java:144)
	at io.restassured.internal.ValidatableResponseImpl.statusCode(ValidatableResponseImpl.groovy:142)
	at io.restassured.internal.ValidatableResponseImpl.statusCode(ValidatableResponseImpl.groovy)
	at manualLockCodeDelivery.Common_LockCode_Regeneration.CLCDetails(Common_LockCode_Regeneration.java:171)
	at java.base/java.util.ArrayList.forEach(ArrayList.java:1511)
... Removed 34 stack frames</pre></div><a href='#' onClick='toggleBox("stack-trace853956690", this, "Click to show all stack frames", "Click to hide stack frames")'>Click to show all stack frames</a>
<div class='stack-trace' id='stack-trace853956690'><pre>java.lang.AssertionError: 1 expectation failed.
Expected status code &lt;200&gt; but was &lt;401&gt;.

	at java.base/jdk.internal.reflect.DirectConstructorHandleAccessor.newInstance(DirectConstructorHandleAccessor.java:67)
	at java.base/java.lang.reflect.Constructor.newInstanceWithCaller(Constructor.java:500)
	at java.base/java.lang.reflect.Constructor.newInstance(Constructor.java:484)
	at org.codehaus.groovy.reflection.CachedConstructor.invoke(CachedConstructor.java:72)
	at org.codehaus.groovy.runtime.callsite.ConstructorSite$ConstructorSiteNoUnwrapNoCoerce.callConstructor(ConstructorSite.java:105)
	at org.codehaus.groovy.runtime.callsite.CallSiteArray.defaultCallConstructor(CallSiteArray.java:59)
	at org.codehaus.groovy.runtime.callsite.AbstractCallSite.callConstructor(AbstractCallSite.java:263)
	at org.codehaus.groovy.runtime.callsite.AbstractCallSite.callConstructor(AbstractCallSite.java:277)
	at io.restassured.internal.ResponseSpecificationImpl$HamcrestAssertionClosure.validate(ResponseSpecificationImpl.groovy:493)
	at io.restassured.internal.ResponseSpecificationImpl$HamcrestAssertionClosure$validate$1.call(Unknown Source)
	at io.restassured.internal.ResponseSpecificationImpl.validateResponseIfRequired(ResponseSpecificationImpl.groovy:674)
	at java.base/jdk.internal.reflect.DirectMethodHandleAccessor.invoke(DirectMethodHandleAccessor.java:104)
	at java.base/java.lang.reflect.Method.invoke(Method.java:578)
	at org.codehaus.groovy.runtime.callsite.PlainObjectMetaMethodSite.doInvoke(PlainObjectMetaMethodSite.java:43)
	at org.codehaus.groovy.runtime.callsite.PogoMetaMethodSite$PogoCachedMethodSiteNoUnwrapNoCoerce.invoke(PogoMetaMethodSite.java:193)
	at org.codehaus.groovy.runtime.callsite.PogoMetaMethodSite.callCurrent(PogoMetaMethodSite.java:61)
	at org.codehaus.groovy.runtime.callsite.AbstractCallSite.callCurrent(AbstractCallSite.java:185)
	at io.restassured.internal.ResponseSpecificationImpl.statusCode(ResponseSpecificationImpl.groovy:126)
	at io.restassured.specification.ResponseSpecification$statusCode$0.callCurrent(Unknown Source)
	at io.restassured.internal.ResponseSpecificationImpl.statusCode(ResponseSpecificationImpl.groovy:134)
	at io.restassured.internal.ValidatableResponseOptionsImpl.statusCode(ValidatableResponseOptionsImpl.java:89)
	at io.restassured.internal.ValidatableResponseImpl.super$2$statusCode(ValidatableResponseImpl.groovy)
	at java.base/jdk.internal.reflect.DirectMethodHandleAccessor.invoke(DirectMethodHandleAccessor.java:104)
	at java.base/java.lang.reflect.Method.invoke(Method.java:578)
	at org.codehaus.groovy.reflection.CachedMethod.invoke(CachedMethod.java:107)
	at groovy.lang.MetaMethod.doMethodInvoke(MetaMethod.java:323)
	at groovy.lang.MetaClassImpl.invokeMethod(MetaClassImpl.java:1268)
	at org.codehaus.groovy.runtime.ScriptBytecodeAdapter.invokeMethodOnSuperN(ScriptBytecodeAdapter.java:144)
	at io.restassured.internal.ValidatableResponseImpl.statusCode(ValidatableResponseImpl.groovy:142)
	at io.restassured.internal.ValidatableResponseImpl.statusCode(ValidatableResponseImpl.groovy)
	at manualLockCodeDelivery.Common_LockCode_Regeneration.CLCDetails(Common_LockCode_Regeneration.java:171)
	at java.base/jdk.internal.reflect.DirectMethodHandleAccessor.invoke(DirectMethodHandleAccessor.java:104)
	at java.base/java.lang.reflect.Method.invoke(Method.java:578)
	at org.testng.internal.invokers.MethodInvocationHelper.invokeMethod(MethodInvocationHelper.java:139)
	at org.testng.internal.invokers.TestInvoker.invokeMethod(TestInvoker.java:664)
	at org.testng.internal.invokers.TestInvoker.invokeTestMethod(TestInvoker.java:227)
	at org.testng.internal.invokers.MethodRunner.runInSequence(MethodRunner.java:50)
	at org.testng.internal.invokers.TestInvoker$MethodInvocationAgent.invoke(TestInvoker.java:957)
	at org.testng.internal.invokers.TestInvoker.invokeTestMethods(TestInvoker.java:200)
	at org.testng.internal.invokers.TestMethodWorker.invokeTestMethods(TestMethodWorker.java:148)
	at org.testng.internal.invokers.TestMethodWorker.run(TestMethodWorker.java:128)
	at java.base/java.util.ArrayList.forEach(ArrayList.java:1511)
	at org.testng.TestRunner.privateRun(TestRunner.java:848)
	at org.testng.TestRunner.run(TestRunner.java:621)
	at org.testng.SuiteRunner.runTest(SuiteRunner.java:443)
	at org.testng.SuiteRunner.runSequentially(SuiteRunner.java:437)
	at org.testng.SuiteRunner.privateRun(SuiteRunner.java:397)
	at org.testng.SuiteRunner.run(SuiteRunner.java:336)
	at org.testng.SuiteRunnerWorker.runSuite(SuiteRunnerWorker.java:52)
	at org.testng.SuiteRunnerWorker.run(SuiteRunnerWorker.java:95)
	at org.testng.TestNG.runSuitesSequentially(TestNG.java:1280)
	at org.testng.TestNG.runSuitesLocally(TestNG.java:1200)
	at org.testng.TestNG.runSuites(TestNG.java:1114)
	at org.testng.TestNG.run(TestNG.java:1082)
	at org.testng.remote.AbstractRemoteTestNG.run(AbstractRemoteTestNG.java:115)
	at org.testng.remote.RemoteTestNG.initAndRun(RemoteTestNG.java:251)
	at org.testng.remote.RemoteTestNG.main(RemoteTestNG.java:77)
</pre></div></td>
<td>8063</td>
<td>manualLockCodeDelivery.Common_LockCode_Regeneration@2cd76f31</td></tr>
<tr>
<td title='manualLockCodeDelivery.Manual_SKR_Generate.getCodeDeliveryStatus()'><b>getCodeDeliveryStatus</b><br>Test class: manualLockCodeDelivery.Manual_SKR_Generate</td>
<td><div><pre>java.lang.AssertionError: expected [true] but found [false]
	at manualLockCodeDelivery.Manual_SKR_Generate.getCodeDeliveryStatus(Manual_SKR_Generate.java:191)
	at java.base/java.util.ArrayList.forEach(ArrayList.java:1511)
... Removed 29 stack frames</pre></div><a href='#' onClick='toggleBox("stack-trace1557020887", this, "Click to show all stack frames", "Click to hide stack frames")'>Click to show all stack frames</a>
<div class='stack-trace' id='stack-trace1557020887'><pre>java.lang.AssertionError: expected [true] but found [false]
	at org.testng.Assert.fail(Assert.java:111)
	at org.testng.Assert.failNotEquals(Assert.java:1578)
	at org.testng.Assert.assertTrue(Assert.java:57)
	at org.testng.Assert.assertTrue(Assert.java:67)
	at manualLockCodeDelivery.Manual_SKR_Generate.getCodeDeliveryStatus(Manual_SKR_Generate.java:191)
	at java.base/jdk.internal.reflect.DirectMethodHandleAccessor.invoke(DirectMethodHandleAccessor.java:104)
	at java.base/java.lang.reflect.Method.invoke(Method.java:578)
	at org.testng.internal.invokers.MethodInvocationHelper.invokeMethod(MethodInvocationHelper.java:139)
	at org.testng.internal.invokers.TestInvoker.invokeMethod(TestInvoker.java:664)
	at org.testng.internal.invokers.TestInvoker.invokeTestMethod(TestInvoker.java:227)
	at org.testng.internal.invokers.MethodRunner.runInSequence(MethodRunner.java:50)
	at org.testng.internal.invokers.TestInvoker$MethodInvocationAgent.invoke(TestInvoker.java:957)
	at org.testng.internal.invokers.TestInvoker.invokeTestMethods(TestInvoker.java:200)
	at org.testng.internal.invokers.TestMethodWorker.invokeTestMethods(TestMethodWorker.java:148)
	at org.testng.internal.invokers.TestMethodWorker.run(TestMethodWorker.java:128)
	at java.base/java.util.ArrayList.forEach(ArrayList.java:1511)
	at org.testng.TestRunner.privateRun(TestRunner.java:848)
	at org.testng.TestRunner.run(TestRunner.java:621)
	at org.testng.SuiteRunner.runTest(SuiteRunner.java:443)
	at org.testng.SuiteRunner.runSequentially(SuiteRunner.java:437)
	at org.testng.SuiteRunner.privateRun(SuiteRunner.java:397)
	at org.testng.SuiteRunner.run(SuiteRunner.java:336)
	at org.testng.SuiteRunnerWorker.runSuite(SuiteRunnerWorker.java:52)
	at org.testng.SuiteRunnerWorker.run(SuiteRunnerWorker.java:95)
	at org.testng.TestNG.runSuitesSequentially(TestNG.java:1280)
	at org.testng.TestNG.runSuitesLocally(TestNG.java:1200)
	at org.testng.TestNG.runSuites(TestNG.java:1114)
	at org.testng.TestNG.run(TestNG.java:1082)
	at org.testng.remote.AbstractRemoteTestNG.run(AbstractRemoteTestNG.java:115)
	at org.testng.remote.RemoteTestNG.initAndRun(RemoteTestNG.java:251)
	at org.testng.remote.RemoteTestNG.main(RemoteTestNG.java:77)
</pre></div></td>
<td>482</td>
<td>manualLockCodeDelivery.Manual_SKR_Generate@26794848</td></tr>
<tr>
<td title='manualLockCodeDelivery.Fire_safety_code_generation.getCodeDeliveryStatus()'><b>getCodeDeliveryStatus</b><br>Test class: manualLockCodeDelivery.Fire_safety_code_generation</td>
<td><div><pre>java.lang.AssertionError: expected [true] but found [false]
	at manualLockCodeDelivery.Fire_safety_code_generation.getCodeDeliveryStatus(Fire_safety_code_generation.java:125)
	at java.base/java.util.ArrayList.forEach(ArrayList.java:1511)
... Removed 31 stack frames</pre></div><a href='#' onClick='toggleBox("stack-trace1051262769", this, "Click to show all stack frames", "Click to hide stack frames")'>Click to show all stack frames</a>
<div class='stack-trace' id='stack-trace1051262769'><pre>java.lang.AssertionError: expected [true] but found [false]
	at org.testng.Assert.fail(Assert.java:111)
	at org.testng.Assert.failNotEquals(Assert.java:1578)
	at org.testng.Assert.assertEqualsImpl(Assert.java:150)
	at org.testng.Assert.assertEquals(Assert.java:132)
	at org.testng.Assert.assertEquals(Assert.java:656)
	at org.testng.Assert.assertEquals(Assert.java:666)
	at manualLockCodeDelivery.Fire_safety_code_generation.getCodeDeliveryStatus(Fire_safety_code_generation.java:125)
	at java.base/jdk.internal.reflect.DirectMethodHandleAccessor.invoke(DirectMethodHandleAccessor.java:104)
	at java.base/java.lang.reflect.Method.invoke(Method.java:578)
	at org.testng.internal.invokers.MethodInvocationHelper.invokeMethod(MethodInvocationHelper.java:139)
	at org.testng.internal.invokers.TestInvoker.invokeMethod(TestInvoker.java:664)
	at org.testng.internal.invokers.TestInvoker.invokeTestMethod(TestInvoker.java:227)
	at org.testng.internal.invokers.MethodRunner.runInSequence(MethodRunner.java:50)
	at org.testng.internal.invokers.TestInvoker$MethodInvocationAgent.invoke(TestInvoker.java:957)
	at org.testng.internal.invokers.TestInvoker.invokeTestMethods(TestInvoker.java:200)
	at org.testng.internal.invokers.TestMethodWorker.invokeTestMethods(TestMethodWorker.java:148)
	at org.testng.internal.invokers.TestMethodWorker.run(TestMethodWorker.java:128)
	at java.base/java.util.ArrayList.forEach(ArrayList.java:1511)
	at org.testng.TestRunner.privateRun(TestRunner.java:848)
	at org.testng.TestRunner.run(TestRunner.java:621)
	at org.testng.SuiteRunner.runTest(SuiteRunner.java:443)
	at org.testng.SuiteRunner.runSequentially(SuiteRunner.java:437)
	at org.testng.SuiteRunner.privateRun(SuiteRunner.java:397)
	at org.testng.SuiteRunner.run(SuiteRunner.java:336)
	at org.testng.SuiteRunnerWorker.runSuite(SuiteRunnerWorker.java:52)
	at org.testng.SuiteRunnerWorker.run(SuiteRunnerWorker.java:95)
	at org.testng.TestNG.runSuitesSequentially(TestNG.java:1280)
	at org.testng.TestNG.runSuitesLocally(TestNG.java:1200)
	at org.testng.TestNG.runSuites(TestNG.java:1114)
	at org.testng.TestNG.run(TestNG.java:1082)
	at org.testng.remote.AbstractRemoteTestNG.run(AbstractRemoteTestNG.java:115)
	at org.testng.remote.RemoteTestNG.initAndRun(RemoteTestNG.java:251)
	at org.testng.remote.RemoteTestNG.main(RemoteTestNG.java:77)
</pre></div></td>
<td>61</td>
<td>manualLockCodeDelivery.Fire_safety_code_generation@ba2f4ec</td></tr>
<tr>
<td title='manualLockCodeDelivery.Fire_safety_code_Regeneration.Generate_Fire_Safety_codes()'><b>Generate_Fire_Safety_codes</b><br>Test class: manualLockCodeDelivery.Fire_safety_code_Regeneration</td>
<td><div><pre>java.lang.AssertionError: 1 expectation failed.
Expected status code &lt;201&gt; but was &lt;400&gt;.

	at org.codehaus.groovy.runtime.callsite.ConstructorSite$ConstructorSiteNoUnwrapNoCoerce.callConstructor(ConstructorSite.java:105)
	at org.codehaus.groovy.runtime.callsite.AbstractCallSite.callConstructor(AbstractCallSite.java:277)
	at io.restassured.internal.ResponseSpecificationImpl$HamcrestAssertionClosure.validate(ResponseSpecificationImpl.groovy:493)
	at io.restassured.internal.ResponseSpecificationImpl$HamcrestAssertionClosure$validate$1.call(Unknown Source)
	at io.restassured.internal.ResponseSpecificationImpl.validateResponseIfRequired(ResponseSpecificationImpl.groovy:674)
	at org.codehaus.groovy.runtime.callsite.PlainObjectMetaMethodSite.doInvoke(PlainObjectMetaMethodSite.java:43)
	at org.codehaus.groovy.runtime.callsite.PogoMetaMethodSite$PogoCachedMethodSiteNoUnwrapNoCoerce.invoke(PogoMetaMethodSite.java:193)
	at org.codehaus.groovy.runtime.callsite.PogoMetaMethodSite.callCurrent(PogoMetaMethodSite.java:61)
	at org.codehaus.groovy.runtime.callsite.AbstractCallSite.callCurrent(AbstractCallSite.java:185)
	at io.restassured.internal.ResponseSpecificationImpl.statusCode(ResponseSpecificationImpl.groovy:126)
	at io.restassured.specification.ResponseSpecification$statusCode$0.callCurrent(Unknown Source)
	at io.restassured.internal.ResponseSpecificationImpl.statusCode(ResponseSpecificationImpl.groovy:134)
	at io.restassured.internal.ValidatableResponseOptionsImpl.statusCode(ValidatableResponseOptionsImpl.java:89)
	at io.restassured.internal.ValidatableResponseImpl.super$2$statusCode(ValidatableResponseImpl.groovy)
	at groovy.lang.MetaMethod.doMethodInvoke(MetaMethod.java:323)
	at groovy.lang.MetaClassImpl.invokeMethod(MetaClassImpl.java:1268)
	at org.codehaus.groovy.runtime.ScriptBytecodeAdapter.invokeMethodOnSuperN(ScriptBytecodeAdapter.java:144)
	at io.restassured.internal.ValidatableResponseImpl.statusCode(ValidatableResponseImpl.groovy:142)
	at io.restassured.internal.ValidatableResponseImpl.statusCode(ValidatableResponseImpl.groovy)
	at manualLockCodeDelivery.Fire_safety_code_Regeneration.Generate_Fire_Safety_codes(Fire_safety_code_Regeneration.java:81)
	at java.base/java.util.ArrayList.forEach(ArrayList.java:1511)
... Removed 34 stack frames</pre></div><a href='#' onClick='toggleBox("stack-trace340640503", this, "Click to show all stack frames", "Click to hide stack frames")'>Click to show all stack frames</a>
<div class='stack-trace' id='stack-trace340640503'><pre>java.lang.AssertionError: 1 expectation failed.
Expected status code &lt;201&gt; but was &lt;400&gt;.

	at java.base/jdk.internal.reflect.DirectConstructorHandleAccessor.newInstance(DirectConstructorHandleAccessor.java:67)
	at java.base/java.lang.reflect.Constructor.newInstanceWithCaller(Constructor.java:500)
	at java.base/java.lang.reflect.Constructor.newInstance(Constructor.java:484)
	at org.codehaus.groovy.reflection.CachedConstructor.invoke(CachedConstructor.java:72)
	at org.codehaus.groovy.runtime.callsite.ConstructorSite$ConstructorSiteNoUnwrapNoCoerce.callConstructor(ConstructorSite.java:105)
	at org.codehaus.groovy.runtime.callsite.AbstractCallSite.callConstructor(AbstractCallSite.java:277)
	at io.restassured.internal.ResponseSpecificationImpl$HamcrestAssertionClosure.validate(ResponseSpecificationImpl.groovy:493)
	at io.restassured.internal.ResponseSpecificationImpl$HamcrestAssertionClosure$validate$1.call(Unknown Source)
	at io.restassured.internal.ResponseSpecificationImpl.validateResponseIfRequired(ResponseSpecificationImpl.groovy:674)
	at java.base/jdk.internal.reflect.DirectMethodHandleAccessor.invoke(DirectMethodHandleAccessor.java:104)
	at java.base/java.lang.reflect.Method.invoke(Method.java:578)
	at org.codehaus.groovy.runtime.callsite.PlainObjectMetaMethodSite.doInvoke(PlainObjectMetaMethodSite.java:43)
	at org.codehaus.groovy.runtime.callsite.PogoMetaMethodSite$PogoCachedMethodSiteNoUnwrapNoCoerce.invoke(PogoMetaMethodSite.java:193)
	at org.codehaus.groovy.runtime.callsite.PogoMetaMethodSite.callCurrent(PogoMetaMethodSite.java:61)
	at org.codehaus.groovy.runtime.callsite.AbstractCallSite.callCurrent(AbstractCallSite.java:185)
	at io.restassured.internal.ResponseSpecificationImpl.statusCode(ResponseSpecificationImpl.groovy:126)
	at io.restassured.specification.ResponseSpecification$statusCode$0.callCurrent(Unknown Source)
	at io.restassured.internal.ResponseSpecificationImpl.statusCode(ResponseSpecificationImpl.groovy:134)
	at io.restassured.internal.ValidatableResponseOptionsImpl.statusCode(ValidatableResponseOptionsImpl.java:89)
	at io.restassured.internal.ValidatableResponseImpl.super$2$statusCode(ValidatableResponseImpl.groovy)
	at java.base/jdk.internal.reflect.DirectMethodHandleAccessor.invoke(DirectMethodHandleAccessor.java:104)
	at java.base/java.lang.reflect.Method.invoke(Method.java:578)
	at org.codehaus.groovy.reflection.CachedMethod.invoke(CachedMethod.java:107)
	at groovy.lang.MetaMethod.doMethodInvoke(MetaMethod.java:323)
	at groovy.lang.MetaClassImpl.invokeMethod(MetaClassImpl.java:1268)
	at org.codehaus.groovy.runtime.ScriptBytecodeAdapter.invokeMethodOnSuperN(ScriptBytecodeAdapter.java:144)
	at io.restassured.internal.ValidatableResponseImpl.statusCode(ValidatableResponseImpl.groovy:142)
	at io.restassured.internal.ValidatableResponseImpl.statusCode(ValidatableResponseImpl.groovy)
	at manualLockCodeDelivery.Fire_safety_code_Regeneration.Generate_Fire_Safety_codes(Fire_safety_code_Regeneration.java:81)
	at java.base/jdk.internal.reflect.DirectMethodHandleAccessor.invoke(DirectMethodHandleAccessor.java:104)
	at java.base/java.lang.reflect.Method.invoke(Method.java:578)
	at org.testng.internal.invokers.MethodInvocationHelper.invokeMethod(MethodInvocationHelper.java:139)
	at org.testng.internal.invokers.TestInvoker.invokeMethod(TestInvoker.java:664)
	at org.testng.internal.invokers.TestInvoker.invokeTestMethod(TestInvoker.java:227)
	at org.testng.internal.invokers.MethodRunner.runInSequence(MethodRunner.java:50)
	at org.testng.internal.invokers.TestInvoker$MethodInvocationAgent.invoke(TestInvoker.java:957)
	at org.testng.internal.invokers.TestInvoker.invokeTestMethods(TestInvoker.java:200)
	at org.testng.internal.invokers.TestMethodWorker.invokeTestMethods(TestMethodWorker.java:148)
	at org.testng.internal.invokers.TestMethodWorker.run(TestMethodWorker.java:128)
	at java.base/java.util.ArrayList.forEach(ArrayList.java:1511)
	at org.testng.TestRunner.privateRun(TestRunner.java:848)
	at org.testng.TestRunner.run(TestRunner.java:621)
	at org.testng.SuiteRunner.runTest(SuiteRunner.java:443)
	at org.testng.SuiteRunner.runSequentially(SuiteRunner.java:437)
	at org.testng.SuiteRunner.privateRun(SuiteRunner.java:397)
	at org.testng.SuiteRunner.run(SuiteRunner.java:336)
	at org.testng.SuiteRunnerWorker.runSuite(SuiteRunnerWorker.java:52)
	at org.testng.SuiteRunnerWorker.run(SuiteRunnerWorker.java:95)
	at org.testng.TestNG.runSuitesSequentially(TestNG.java:1280)
	at org.testng.TestNG.runSuitesLocally(TestNG.java:1200)
	at org.testng.TestNG.runSuites(TestNG.java:1114)
	at org.testng.TestNG.run(TestNG.java:1082)
	at org.testng.remote.AbstractRemoteTestNG.run(AbstractRemoteTestNG.java:115)
	at org.testng.remote.RemoteTestNG.initAndRun(RemoteTestNG.java:251)
	at org.testng.remote.RemoteTestNG.main(RemoteTestNG.java:77)
</pre></div></td>
<td>1</td>
<td>manualLockCodeDelivery.Fire_safety_code_Regeneration@1c1bbc4e</td></tr>
<tr>
<td title='manualLockCodeDelivery.Fire_safety_code_Regeneration.getCodeDeliveryStatus()'><b>getCodeDeliveryStatus</b><br>Test class: manualLockCodeDelivery.Fire_safety_code_Regeneration</td>
<td><div><pre>java.lang.IllegalArgumentException: parameterValue cannot be null
	at org.codehaus.groovy.runtime.callsite.ConstructorSite$ConstructorSiteNoUnwrap.callConstructor(ConstructorSite.java:84)
	at org.codehaus.groovy.runtime.callsite.AbstractCallSite.callConstructor(AbstractCallSite.java:277)
	at io.restassured.internal.common.assertion.AssertParameter.notNull(AssertParameter.groovy:26)
	at io.restassured.internal.common.assertion.AssertParameter$notNull.callStatic(Unknown Source)
	at io.restassured.internal.RequestSpecificationImpl.pathParam(RequestSpecificationImpl.groovy:516)
	at manualLockCodeDelivery.Fire_safety_code_Regeneration.getCodeDeliveryStatus(Fire_safety_code_Regeneration.java:133)
	at java.base/java.util.ArrayList.forEach(ArrayList.java:1511)
... Removed 30 stack frames</pre></div><a href='#' onClick='toggleBox("stack-trace1627979043", this, "Click to show all stack frames", "Click to hide stack frames")'>Click to show all stack frames</a>
<div class='stack-trace' id='stack-trace1627979043'><pre>java.lang.IllegalArgumentException: parameterValue cannot be null
	at java.base/jdk.internal.reflect.DirectConstructorHandleAccessor.newInstance(DirectConstructorHandleAccessor.java:67)
	at java.base/java.lang.reflect.Constructor.newInstanceWithCaller(Constructor.java:500)
	at java.base/java.lang.reflect.Constructor.newInstance(Constructor.java:484)
	at org.codehaus.groovy.reflection.CachedConstructor.invoke(CachedConstructor.java:72)
	at org.codehaus.groovy.reflection.CachedConstructor.doConstructorInvoke(CachedConstructor.java:59)
	at org.codehaus.groovy.runtime.callsite.ConstructorSite$ConstructorSiteNoUnwrap.callConstructor(ConstructorSite.java:84)
	at org.codehaus.groovy.runtime.callsite.AbstractCallSite.callConstructor(AbstractCallSite.java:277)
	at io.restassured.internal.common.assertion.AssertParameter.notNull(AssertParameter.groovy:26)
	at io.restassured.internal.common.assertion.AssertParameter$notNull.callStatic(Unknown Source)
	at io.restassured.internal.RequestSpecificationImpl.pathParam(RequestSpecificationImpl.groovy:516)
	at manualLockCodeDelivery.Fire_safety_code_Regeneration.getCodeDeliveryStatus(Fire_safety_code_Regeneration.java:133)
	at java.base/jdk.internal.reflect.DirectMethodHandleAccessor.invoke(DirectMethodHandleAccessor.java:104)
	at java.base/java.lang.reflect.Method.invoke(Method.java:578)
	at org.testng.internal.invokers.MethodInvocationHelper.invokeMethod(MethodInvocationHelper.java:139)
	at org.testng.internal.invokers.TestInvoker.invokeMethod(TestInvoker.java:664)
	at org.testng.internal.invokers.TestInvoker.invokeTestMethod(TestInvoker.java:227)
	at org.testng.internal.invokers.MethodRunner.runInSequence(MethodRunner.java:50)
	at org.testng.internal.invokers.TestInvoker$MethodInvocationAgent.invoke(TestInvoker.java:957)
	at org.testng.internal.invokers.TestInvoker.invokeTestMethods(TestInvoker.java:200)
	at org.testng.internal.invokers.TestMethodWorker.invokeTestMethods(TestMethodWorker.java:148)
	at org.testng.internal.invokers.TestMethodWorker.run(TestMethodWorker.java:128)
	at java.base/java.util.ArrayList.forEach(ArrayList.java:1511)
	at org.testng.TestRunner.privateRun(TestRunner.java:848)
	at org.testng.TestRunner.run(TestRunner.java:621)
	at org.testng.SuiteRunner.runTest(SuiteRunner.java:443)
	at org.testng.SuiteRunner.runSequentially(SuiteRunner.java:437)
	at org.testng.SuiteRunner.privateRun(SuiteRunner.java:397)
	at org.testng.SuiteRunner.run(SuiteRunner.java:336)
	at org.testng.SuiteRunnerWorker.runSuite(SuiteRunnerWorker.java:52)
	at org.testng.SuiteRunnerWorker.run(SuiteRunnerWorker.java:95)
	at org.testng.TestNG.runSuitesSequentially(TestNG.java:1280)
	at org.testng.TestNG.runSuitesLocally(TestNG.java:1200)
	at org.testng.TestNG.runSuites(TestNG.java:1114)
	at org.testng.TestNG.run(TestNG.java:1082)
	at org.testng.remote.AbstractRemoteTestNG.run(AbstractRemoteTestNG.java:115)
	at org.testng.remote.RemoteTestNG.initAndRun(RemoteTestNG.java:251)
	at org.testng.remote.RemoteTestNG.main(RemoteTestNG.java:77)
</pre></div></td>
<td>420</td>
<td>manualLockCodeDelivery.Fire_safety_code_Regeneration@1c1bbc4e</td></tr>
<tr>
<td title='manualLockCodeDelivery.Guest_master_code_Regeneration.Generate_Guest_Master_codes()'><b>Generate_Guest_Master_codes</b><br>Test class: manualLockCodeDelivery.Guest_master_code_Regeneration</td>
<td><div><pre>java.lang.AssertionError: 1 expectation failed.
Expected status code &lt;202&gt; but was &lt;400&gt;.

	at org.codehaus.groovy.runtime.callsite.ConstructorSite$ConstructorSiteNoUnwrapNoCoerce.callConstructor(ConstructorSite.java:105)
	at org.codehaus.groovy.runtime.callsite.AbstractCallSite.callConstructor(AbstractCallSite.java:277)
	at io.restassured.internal.ResponseSpecificationImpl$HamcrestAssertionClosure.validate(ResponseSpecificationImpl.groovy:493)
	at io.restassured.internal.ResponseSpecificationImpl$HamcrestAssertionClosure$validate$1.call(Unknown Source)
	at io.restassured.internal.ResponseSpecificationImpl.validateResponseIfRequired(ResponseSpecificationImpl.groovy:674)
	at org.codehaus.groovy.runtime.callsite.PlainObjectMetaMethodSite.doInvoke(PlainObjectMetaMethodSite.java:43)
	at org.codehaus.groovy.runtime.callsite.PogoMetaMethodSite$PogoCachedMethodSiteNoUnwrapNoCoerce.invoke(PogoMetaMethodSite.java:193)
	at org.codehaus.groovy.runtime.callsite.PogoMetaMethodSite.callCurrent(PogoMetaMethodSite.java:61)
	at org.codehaus.groovy.runtime.callsite.AbstractCallSite.callCurrent(AbstractCallSite.java:185)
	at io.restassured.internal.ResponseSpecificationImpl.statusCode(ResponseSpecificationImpl.groovy:126)
	at io.restassured.specification.ResponseSpecification$statusCode$0.callCurrent(Unknown Source)
	at io.restassured.internal.ResponseSpecificationImpl.statusCode(ResponseSpecificationImpl.groovy:134)
	at io.restassured.internal.ValidatableResponseOptionsImpl.statusCode(ValidatableResponseOptionsImpl.java:89)
	at io.restassured.internal.ValidatableResponseImpl.super$2$statusCode(ValidatableResponseImpl.groovy)
	at groovy.lang.MetaMethod.doMethodInvoke(MetaMethod.java:323)
	at groovy.lang.MetaClassImpl.invokeMethod(MetaClassImpl.java:1268)
	at org.codehaus.groovy.runtime.ScriptBytecodeAdapter.invokeMethodOnSuperN(ScriptBytecodeAdapter.java:144)
	at io.restassured.internal.ValidatableResponseImpl.statusCode(ValidatableResponseImpl.groovy:142)
	at io.restassured.internal.ValidatableResponseImpl.statusCode(ValidatableResponseImpl.groovy)
	at manualLockCodeDelivery.Guest_master_code_Regeneration.Generate_Guest_Master_codes(Guest_master_code_Regeneration.java:89)
	at java.base/java.util.ArrayList.forEach(ArrayList.java:1511)
... Removed 34 stack frames</pre></div><a href='#' onClick='toggleBox("stack-trace1205133962", this, "Click to show all stack frames", "Click to hide stack frames")'>Click to show all stack frames</a>
<div class='stack-trace' id='stack-trace1205133962'><pre>java.lang.AssertionError: 1 expectation failed.
Expected status code &lt;202&gt; but was &lt;400&gt;.

	at java.base/jdk.internal.reflect.DirectConstructorHandleAccessor.newInstance(DirectConstructorHandleAccessor.java:67)
	at java.base/java.lang.reflect.Constructor.newInstanceWithCaller(Constructor.java:500)
	at java.base/java.lang.reflect.Constructor.newInstance(Constructor.java:484)
	at org.codehaus.groovy.reflection.CachedConstructor.invoke(CachedConstructor.java:72)
	at org.codehaus.groovy.runtime.callsite.ConstructorSite$ConstructorSiteNoUnwrapNoCoerce.callConstructor(ConstructorSite.java:105)
	at org.codehaus.groovy.runtime.callsite.AbstractCallSite.callConstructor(AbstractCallSite.java:277)
	at io.restassured.internal.ResponseSpecificationImpl$HamcrestAssertionClosure.validate(ResponseSpecificationImpl.groovy:493)
	at io.restassured.internal.ResponseSpecificationImpl$HamcrestAssertionClosure$validate$1.call(Unknown Source)
	at io.restassured.internal.ResponseSpecificationImpl.validateResponseIfRequired(ResponseSpecificationImpl.groovy:674)
	at java.base/jdk.internal.reflect.DirectMethodHandleAccessor.invoke(DirectMethodHandleAccessor.java:104)
	at java.base/java.lang.reflect.Method.invoke(Method.java:578)
	at org.codehaus.groovy.runtime.callsite.PlainObjectMetaMethodSite.doInvoke(PlainObjectMetaMethodSite.java:43)
	at org.codehaus.groovy.runtime.callsite.PogoMetaMethodSite$PogoCachedMethodSiteNoUnwrapNoCoerce.invoke(PogoMetaMethodSite.java:193)
	at org.codehaus.groovy.runtime.callsite.PogoMetaMethodSite.callCurrent(PogoMetaMethodSite.java:61)
	at org.codehaus.groovy.runtime.callsite.AbstractCallSite.callCurrent(AbstractCallSite.java:185)
	at io.restassured.internal.ResponseSpecificationImpl.statusCode(ResponseSpecificationImpl.groovy:126)
	at io.restassured.specification.ResponseSpecification$statusCode$0.callCurrent(Unknown Source)
	at io.restassured.internal.ResponseSpecificationImpl.statusCode(ResponseSpecificationImpl.groovy:134)
	at io.restassured.internal.ValidatableResponseOptionsImpl.statusCode(ValidatableResponseOptionsImpl.java:89)
	at io.restassured.internal.ValidatableResponseImpl.super$2$statusCode(ValidatableResponseImpl.groovy)
	at java.base/jdk.internal.reflect.DirectMethodHandleAccessor.invoke(DirectMethodHandleAccessor.java:104)
	at java.base/java.lang.reflect.Method.invoke(Method.java:578)
	at org.codehaus.groovy.reflection.CachedMethod.invoke(CachedMethod.java:107)
	at groovy.lang.MetaMethod.doMethodInvoke(MetaMethod.java:323)
	at groovy.lang.MetaClassImpl.invokeMethod(MetaClassImpl.java:1268)
	at org.codehaus.groovy.runtime.ScriptBytecodeAdapter.invokeMethodOnSuperN(ScriptBytecodeAdapter.java:144)
	at io.restassured.internal.ValidatableResponseImpl.statusCode(ValidatableResponseImpl.groovy:142)
	at io.restassured.internal.ValidatableResponseImpl.statusCode(ValidatableResponseImpl.groovy)
	at manualLockCodeDelivery.Guest_master_code_Regeneration.Generate_Guest_Master_codes(Guest_master_code_Regeneration.java:89)
	at java.base/jdk.internal.reflect.DirectMethodHandleAccessor.invoke(DirectMethodHandleAccessor.java:104)
	at java.base/java.lang.reflect.Method.invoke(Method.java:578)
	at org.testng.internal.invokers.MethodInvocationHelper.invokeMethod(MethodInvocationHelper.java:139)
	at org.testng.internal.invokers.TestInvoker.invokeMethod(TestInvoker.java:664)
	at org.testng.internal.invokers.TestInvoker.invokeTestMethod(TestInvoker.java:227)
	at org.testng.internal.invokers.MethodRunner.runInSequence(MethodRunner.java:50)
	at org.testng.internal.invokers.TestInvoker$MethodInvocationAgent.invoke(TestInvoker.java:957)
	at org.testng.internal.invokers.TestInvoker.invokeTestMethods(TestInvoker.java:200)
	at org.testng.internal.invokers.TestMethodWorker.invokeTestMethods(TestMethodWorker.java:148)
	at org.testng.internal.invokers.TestMethodWorker.run(TestMethodWorker.java:128)
	at java.base/java.util.ArrayList.forEach(ArrayList.java:1511)
	at org.testng.TestRunner.privateRun(TestRunner.java:848)
	at org.testng.TestRunner.run(TestRunner.java:621)
	at org.testng.SuiteRunner.runTest(SuiteRunner.java:443)
	at org.testng.SuiteRunner.runSequentially(SuiteRunner.java:437)
	at org.testng.SuiteRunner.privateRun(SuiteRunner.java:397)
	at org.testng.SuiteRunner.run(SuiteRunner.java:336)
	at org.testng.SuiteRunnerWorker.runSuite(SuiteRunnerWorker.java:52)
	at org.testng.SuiteRunnerWorker.run(SuiteRunnerWorker.java:95)
	at org.testng.TestNG.runSuitesSequentially(TestNG.java:1280)
	at org.testng.TestNG.runSuitesLocally(TestNG.java:1200)
	at org.testng.TestNG.runSuites(TestNG.java:1114)
	at org.testng.TestNG.run(TestNG.java:1082)
	at org.testng.remote.AbstractRemoteTestNG.run(AbstractRemoteTestNG.java:115)
	at org.testng.remote.RemoteTestNG.initAndRun(RemoteTestNG.java:251)
	at org.testng.remote.RemoteTestNG.main(RemoteTestNG.java:77)
</pre></div></td>
<td>1</td>
<td>manualLockCodeDelivery.Guest_master_code_Regeneration@49438269</td></tr>
<tr>
<td title='manualLockCodeDelivery.Common_LockCode_Regeneration.getCodeDeliveryStatus()'><b>getCodeDeliveryStatus</b><br>Test class: manualLockCodeDelivery.Common_LockCode_Regeneration</td>
<td><div><pre>java.lang.AssertionError: 1 expectation failed.
Expected status code &lt;200&gt; but was &lt;401&gt;.

	at org.codehaus.groovy.runtime.callsite.ConstructorSite$ConstructorSiteNoUnwrapNoCoerce.callConstructor(ConstructorSite.java:105)
	at org.codehaus.groovy.runtime.callsite.AbstractCallSite.callConstructor(AbstractCallSite.java:277)
	at io.restassured.internal.ResponseSpecificationImpl$HamcrestAssertionClosure.validate(ResponseSpecificationImpl.groovy:493)
	at io.restassured.internal.ResponseSpecificationImpl$HamcrestAssertionClosure$validate$1.call(Unknown Source)
	at io.restassured.internal.ResponseSpecificationImpl.validateResponseIfRequired(ResponseSpecificationImpl.groovy:674)
	at org.codehaus.groovy.runtime.callsite.PlainObjectMetaMethodSite.doInvoke(PlainObjectMetaMethodSite.java:43)
	at org.codehaus.groovy.runtime.callsite.PogoMetaMethodSite$PogoCachedMethodSiteNoUnwrapNoCoerce.invoke(PogoMetaMethodSite.java:193)
	at org.codehaus.groovy.runtime.callsite.PogoMetaMethodSite.callCurrent(PogoMetaMethodSite.java:61)
	at org.codehaus.groovy.runtime.callsite.AbstractCallSite.callCurrent(AbstractCallSite.java:185)
	at io.restassured.internal.ResponseSpecificationImpl.statusCode(ResponseSpecificationImpl.groovy:126)
	at io.restassured.specification.ResponseSpecification$statusCode$0.callCurrent(Unknown Source)
	at io.restassured.internal.ResponseSpecificationImpl.statusCode(ResponseSpecificationImpl.groovy:134)
	at io.restassured.internal.ValidatableResponseOptionsImpl.statusCode(ValidatableResponseOptionsImpl.java:89)
	at io.restassured.internal.ValidatableResponseImpl.super$2$statusCode(ValidatableResponseImpl.groovy)
	at groovy.lang.MetaMethod.doMethodInvoke(MetaMethod.java:323)
	at groovy.lang.MetaClassImpl.invokeMethod(MetaClassImpl.java:1268)
	at org.codehaus.groovy.runtime.ScriptBytecodeAdapter.invokeMethodOnSuperN(ScriptBytecodeAdapter.java:144)
	at io.restassured.internal.ValidatableResponseImpl.statusCode(ValidatableResponseImpl.groovy:142)
	at io.restassured.internal.ValidatableResponseImpl.statusCode(ValidatableResponseImpl.groovy)
	at manualLockCodeDelivery.Common_LockCode_Regeneration.getCodeDeliveryStatus(Common_LockCode_Regeneration.java:197)
	at java.base/java.util.ArrayList.forEach(ArrayList.java:1511)
... Removed 34 stack frames</pre></div><a href='#' onClick='toggleBox("stack-trace2072818307", this, "Click to show all stack frames", "Click to hide stack frames")'>Click to show all stack frames</a>
<div class='stack-trace' id='stack-trace2072818307'><pre>java.lang.AssertionError: 1 expectation failed.
Expected status code &lt;200&gt; but was &lt;401&gt;.

	at java.base/jdk.internal.reflect.DirectConstructorHandleAccessor.newInstance(DirectConstructorHandleAccessor.java:67)
	at java.base/java.lang.reflect.Constructor.newInstanceWithCaller(Constructor.java:500)
	at java.base/java.lang.reflect.Constructor.newInstance(Constructor.java:484)
	at org.codehaus.groovy.reflection.CachedConstructor.invoke(CachedConstructor.java:72)
	at org.codehaus.groovy.runtime.callsite.ConstructorSite$ConstructorSiteNoUnwrapNoCoerce.callConstructor(ConstructorSite.java:105)
	at org.codehaus.groovy.runtime.callsite.AbstractCallSite.callConstructor(AbstractCallSite.java:277)
	at io.restassured.internal.ResponseSpecificationImpl$HamcrestAssertionClosure.validate(ResponseSpecificationImpl.groovy:493)
	at io.restassured.internal.ResponseSpecificationImpl$HamcrestAssertionClosure$validate$1.call(Unknown Source)
	at io.restassured.internal.ResponseSpecificationImpl.validateResponseIfRequired(ResponseSpecificationImpl.groovy:674)
	at java.base/jdk.internal.reflect.DirectMethodHandleAccessor.invoke(DirectMethodHandleAccessor.java:104)
	at java.base/java.lang.reflect.Method.invoke(Method.java:578)
	at org.codehaus.groovy.runtime.callsite.PlainObjectMetaMethodSite.doInvoke(PlainObjectMetaMethodSite.java:43)
	at org.codehaus.groovy.runtime.callsite.PogoMetaMethodSite$PogoCachedMethodSiteNoUnwrapNoCoerce.invoke(PogoMetaMethodSite.java:193)
	at org.codehaus.groovy.runtime.callsite.PogoMetaMethodSite.callCurrent(PogoMetaMethodSite.java:61)
	at org.codehaus.groovy.runtime.callsite.AbstractCallSite.callCurrent(AbstractCallSite.java:185)
	at io.restassured.internal.ResponseSpecificationImpl.statusCode(ResponseSpecificationImpl.groovy:126)
	at io.restassured.specification.ResponseSpecification$statusCode$0.callCurrent(Unknown Source)
	at io.restassured.internal.ResponseSpecificationImpl.statusCode(ResponseSpecificationImpl.groovy:134)
	at io.restassured.internal.ValidatableResponseOptionsImpl.statusCode(ValidatableResponseOptionsImpl.java:89)
	at io.restassured.internal.ValidatableResponseImpl.super$2$statusCode(ValidatableResponseImpl.groovy)
	at java.base/jdk.internal.reflect.DirectMethodHandleAccessor.invoke(DirectMethodHandleAccessor.java:104)
	at java.base/java.lang.reflect.Method.invoke(Method.java:578)
	at org.codehaus.groovy.reflection.CachedMethod.invoke(CachedMethod.java:107)
	at groovy.lang.MetaMethod.doMethodInvoke(MetaMethod.java:323)
	at groovy.lang.MetaClassImpl.invokeMethod(MetaClassImpl.java:1268)
	at org.codehaus.groovy.runtime.ScriptBytecodeAdapter.invokeMethodOnSuperN(ScriptBytecodeAdapter.java:144)
	at io.restassured.internal.ValidatableResponseImpl.statusCode(ValidatableResponseImpl.groovy:142)
	at io.restassured.internal.ValidatableResponseImpl.statusCode(ValidatableResponseImpl.groovy)
	at manualLockCodeDelivery.Common_LockCode_Regeneration.getCodeDeliveryStatus(Common_LockCode_Regeneration.java:197)
	at java.base/jdk.internal.reflect.DirectMethodHandleAccessor.invoke(DirectMethodHandleAccessor.java:104)
	at java.base/java.lang.reflect.Method.invoke(Method.java:578)
	at org.testng.internal.invokers.MethodInvocationHelper.invokeMethod(MethodInvocationHelper.java:139)
	at org.testng.internal.invokers.TestInvoker.invokeMethod(TestInvoker.java:664)
	at org.testng.internal.invokers.TestInvoker.invokeTestMethod(TestInvoker.java:227)
	at org.testng.internal.invokers.MethodRunner.runInSequence(MethodRunner.java:50)
	at org.testng.internal.invokers.TestInvoker$MethodInvocationAgent.invoke(TestInvoker.java:957)
	at org.testng.internal.invokers.TestInvoker.invokeTestMethods(TestInvoker.java:200)
	at org.testng.internal.invokers.TestMethodWorker.invokeTestMethods(TestMethodWorker.java:148)
	at org.testng.internal.invokers.TestMethodWorker.run(TestMethodWorker.java:128)
	at java.base/java.util.ArrayList.forEach(ArrayList.java:1511)
	at org.testng.TestRunner.privateRun(TestRunner.java:848)
	at org.testng.TestRunner.run(TestRunner.java:621)
	at org.testng.SuiteRunner.runTest(SuiteRunner.java:443)
	at org.testng.SuiteRunner.runSequentially(SuiteRunner.java:437)
	at org.testng.SuiteRunner.privateRun(SuiteRunner.java:397)
	at org.testng.SuiteRunner.run(SuiteRunner.java:336)
	at org.testng.SuiteRunnerWorker.runSuite(SuiteRunnerWorker.java:52)
	at org.testng.SuiteRunnerWorker.run(SuiteRunnerWorker.java:95)
	at org.testng.TestNG.runSuitesSequentially(TestNG.java:1280)
	at org.testng.TestNG.runSuitesLocally(TestNG.java:1200)
	at org.testng.TestNG.runSuites(TestNG.java:1114)
	at org.testng.TestNG.run(TestNG.java:1082)
	at org.testng.remote.AbstractRemoteTestNG.run(AbstractRemoteTestNG.java:115)
	at org.testng.remote.RemoteTestNG.initAndRun(RemoteTestNG.java:251)
	at org.testng.remote.RemoteTestNG.main(RemoteTestNG.java:77)
</pre></div></td>
<td>32</td>
<td>manualLockCodeDelivery.Common_LockCode_Regeneration@2cd76f31</td></tr>
</table><p>
<table width='100%' border='1' class='invocation-passed'>
<tr><td colspan='4' align='center'><b>PASSED TESTS</b></td></tr>
<tr><td><b>Test method</b></td>
<td><b>Attribute(s)</b></td>
<td width="30%"><b>Exception</b></td>
<td width="10%"><b>Time (seconds)</b></td>
<td><b>Instance</b></td>
</tr>
<tr>
<td title='manualLockCodeDelivery.Fire_safety_code_generation.testVerify2FA()'><b>testVerify2FA</b><br>Test class: manualLockCodeDelivery.Fire_safety_code_generation</td>
<td></td>
<td>1</td>
<td>manualLockCodeDelivery.Fire_safety_code_generation@ba2f4ec</td></tr>
<tr>
<td title='manualLockCodeDelivery.Manual_GKR_Generate.createGKR()'><b>createGKR</b><br>Test class: manualLockCodeDelivery.Manual_GKR_Generate</td>
<td></td>
<td>2</td>
<td>manualLockCodeDelivery.Manual_GKR_Generate@489115ef</td></tr>
<tr>
<td title='manualLockCodeDelivery.Manual_GKR_Regeneration.testVerify2FA()'><b>testVerify2FA</b><br>Test class: manualLockCodeDelivery.Manual_GKR_Regeneration</td>
<td></td>
<td>1</td>
<td>manualLockCodeDelivery.Manual_GKR_Regeneration@4e08711f</td></tr>
<tr>
<td title='manualLockCodeDelivery.Fire_safety_code_Regeneration.testVerify2FA()'><b>testVerify2FA</b><br>Test class: manualLockCodeDelivery.Fire_safety_code_Regeneration</td>
<td></td>
<td>1</td>
<td>manualLockCodeDelivery.Fire_safety_code_Regeneration@1c1bbc4e</td></tr>
<tr>
<td title='manualLockCodeDelivery.Common_LockCode_Generation.Generate_Common_Lock_codes()'><b>Generate_Common_Lock_codes</b><br>Test class: manualLockCodeDelivery.Common_LockCode_Generation</td>
<td></td>
<td>3</td>
<td>manualLockCodeDelivery.Common_LockCode_Generation@40005471</td></tr>
<tr>
<td title='manualLockCodeDelivery.Manual_SKR_Generate.createSKR()'><b>createSKR</b><br>Test class: manualLockCodeDelivery.Manual_SKR_Generate</td>
<td></td>
<td>1</td>
<td>manualLockCodeDelivery.Manual_SKR_Generate@26794848</td></tr>
<tr>
<td title='manualLockCodeDelivery.Manual_SKR_Regenerate.getCodeDeliveryStatus()'><b>getCodeDeliveryStatus</b><br>Test class: manualLockCodeDelivery.Manual_SKR_Regenerate</td>
<td></td>
<td>547</td>
<td>manualLockCodeDelivery.Manual_SKR_Regenerate@302552ec</td></tr>
<tr>
<td title='manualLockCodeDelivery.Guest_master_code_Regeneration.testVerify2FA()'><b>testVerify2FA</b><br>Test class: manualLockCodeDelivery.Guest_master_code_Regeneration</td>
<td></td>
<td>1</td>
<td>manualLockCodeDelivery.Guest_master_code_Regeneration@49438269</td></tr>
<tr>
<td title='manualLockCodeDelivery.Manual_GKR_Generate.testVerify2FA()'><b>testVerify2FA</b><br>Test class: manualLockCodeDelivery.Manual_GKR_Generate</td>
<td></td>
<td>1</td>
<td>manualLockCodeDelivery.Manual_GKR_Generate@489115ef</td></tr>
<tr>
<td title='manualLockCodeDelivery.Manual_SKR_Regenerate.keyRegenerate()'><b>keyRegenerate</b><br>Test class: manualLockCodeDelivery.Manual_SKR_Regenerate</td>
<td></td>
<td>12</td>
<td>manualLockCodeDelivery.Manual_SKR_Regenerate@302552ec</td></tr>
<tr>
<td title='manualLockCodeDelivery.Fire_safety_code_Regeneration.testAuth()'><b>testAuth</b><br>Test class: manualLockCodeDelivery.Fire_safety_code_Regeneration</td>
<td></td>
<td>1</td>
<td>manualLockCodeDelivery.Fire_safety_code_Regeneration@1c1bbc4e</td></tr>
<tr>
<td title='manualLockCodeDelivery.Manual_SKR_Generate.getuserId()'><b>getuserId</b><br>Test class: manualLockCodeDelivery.Manual_SKR_Generate</td>
<td></td>
<td>1</td>
<td>manualLockCodeDelivery.Manual_SKR_Generate@26794848</td></tr>
<tr>
<td title='manualLockCodeDelivery.Manual_GKR_Generate.testAuth()'><b>testAuth</b><br>Test class: manualLockCodeDelivery.Manual_GKR_Generate</td>
<td></td>
<td>3</td>
<td>manualLockCodeDelivery.Manual_GKR_Generate@489115ef</td></tr>
<tr>
<td title='manualLockCodeDelivery.Common_LockCode_Regeneration.testVerify2FA()'><b>testVerify2FA</b><br>Test class: manualLockCodeDelivery.Common_LockCode_Regeneration</td>
<td></td>
<td>2</td>
<td>manualLockCodeDelivery.Common_LockCode_Regeneration@2cd76f31</td></tr>
<tr>
<td title='manualLockCodeDelivery.Guest_master_code_Generation.getGMCDetails()'><b>getGMCDetails</b><br>Test class: manualLockCodeDelivery.Guest_master_code_Generation</td>
<td></td>
<td>421</td>
<td>manualLockCodeDelivery.Guest_master_code_Generation@367ffa75</td></tr>
<tr>
<td title='manualLockCodeDelivery.Common_LockCode_Generation.getCodeDeliveryStatus()'><b>getCodeDeliveryStatus</b><br>Test class: manualLockCodeDelivery.Common_LockCode_Generation</td>
<td></td>
<td>32</td>
<td>manualLockCodeDelivery.Common_LockCode_Generation@40005471</td></tr>
<tr>
<td title='manualLockCodeDelivery.Manual_GKR_Regeneration.getKeyId()'><b>getKeyId</b><br>Test class: manualLockCodeDelivery.Manual_GKR_Regeneration</td>
<td></td>
<td>1</td>
<td>manualLockCodeDelivery.Manual_GKR_Regeneration@4e08711f</td></tr>
<tr>
<td title='manualLockCodeDelivery.Guest_master_code_Generation.testVerify2FA()'><b>testVerify2FA</b><br>Test class: manualLockCodeDelivery.Guest_master_code_Generation</td>
<td></td>
<td>1</td>
<td>manualLockCodeDelivery.Guest_master_code_Generation@367ffa75</td></tr>
<tr>
<td title='manualLockCodeDelivery.Manual_GKR_Regeneration.createGKR()'><b>createGKR</b><br>Test class: manualLockCodeDelivery.Manual_GKR_Regeneration</td>
<td></td>
<td>2</td>
<td>manualLockCodeDelivery.Manual_GKR_Regeneration@4e08711f</td></tr>
<tr>
<td title='manualLockCodeDelivery.Manual_SKR_Expiration.testVerify2FA()'><b>testVerify2FA</b><br>Test class: manualLockCodeDelivery.Manual_SKR_Expiration</td>
<td></td>
<td>1</td>
<td>manualLockCodeDelivery.Manual_SKR_Expiration@3d285d7e</td></tr>
<tr>
<td title='manualLockCodeDelivery.Manual_SKR_Expiration.getCodeDeliveryStatus()'><b>getCodeDeliveryStatus</b><br>Test class: manualLockCodeDelivery.Manual_SKR_Expiration</td>
<td></td>
<td>14</td>
<td>manualLockCodeDelivery.Manual_SKR_Expiration@3d285d7e</td></tr>
<tr>
<td title='manualLockCodeDelivery.Common_LockCode_Regeneration.Generate_Common_Lock_codes()'><b>Generate_Common_Lock_codes</b><br>Test class: manualLockCodeDelivery.Common_LockCode_Regeneration</td>
<td></td>
<td>4</td>
<td>manualLockCodeDelivery.Common_LockCode_Regeneration@2cd76f31</td></tr>
<tr>
<td title='manualLockCodeDelivery.Manual_GKR_Expire.testAuth()'><b>testAuth</b><br>Test class: manualLockCodeDelivery.Manual_GKR_Expire</td>
<td></td>
<td>1</td>
<td>manualLockCodeDelivery.Manual_GKR_Expire@bcec361</td></tr>
<tr>
<td title='manualLockCodeDelivery.Common_LockCode_Generation.CLCDetails()'><b>CLCDetails</b><br>Test class: manualLockCodeDelivery.Common_LockCode_Generation</td>
<td></td>
<td>421</td>
<td>manualLockCodeDelivery.Common_LockCode_Generation@40005471</td></tr>
<tr>
<td title='manualLockCodeDelivery.Manual_GKR_Expire.getKeyDetails()'><b>getKeyDetails</b><br>Test class: manualLockCodeDelivery.Manual_GKR_Expire</td>
<td></td>
<td>1</td>
<td>manualLockCodeDelivery.Manual_GKR_Expire@bcec361</td></tr>
<tr>
<td title='manualLockCodeDelivery.Manual_GKR_Regeneration.getKeyDetails()'><b>getKeyDetails</b><br>Test class: manualLockCodeDelivery.Manual_GKR_Regeneration</td>
<td></td>
<td>1</td>
<td>manualLockCodeDelivery.Manual_GKR_Regeneration@4e08711f</td></tr>
<tr>
<td title='manualLockCodeDelivery.Fire_safety_code_generation.Generate_Fire_Safety_codes()'><b>Generate_Fire_Safety_codes</b><br>Test class: manualLockCodeDelivery.Fire_safety_code_generation</td>
<td></td>
<td>1</td>
<td>manualLockCodeDelivery.Fire_safety_code_generation@ba2f4ec</td></tr>
<tr>
<td title='manualLockCodeDelivery.Manual_GKR_Expire.createGKR()'><b>createGKR</b><br>Test class: manualLockCodeDelivery.Manual_GKR_Expire</td>
<td></td>
<td>1</td>
<td>manualLockCodeDelivery.Manual_GKR_Expire@bcec361</td></tr>
<tr>
<td title='manualLockCodeDelivery.Common_LockCode_Regeneration.testAuth()'><b>testAuth</b><br>Test class: manualLockCodeDelivery.Common_LockCode_Regeneration</td>
<td></td>
<td>1</td>
<td>manualLockCodeDelivery.Common_LockCode_Regeneration@2cd76f31</td></tr>
<tr>
<td title='manualLockCodeDelivery.Manual_SKR_Regenerate.getKeyDetails()'><b>getKeyDetails</b><br>Test class: manualLockCodeDelivery.Manual_SKR_Regenerate</td>
<td></td>
<td>1</td>
<td>manualLockCodeDelivery.Manual_SKR_Regenerate@302552ec</td></tr>
<tr>
<td title='manualLockCodeDelivery.Manual_SKR_Regenerate.createSKR()'><b>createSKR</b><br>Test class: manualLockCodeDelivery.Manual_SKR_Regenerate</td>
<td></td>
<td>1</td>
<td>manualLockCodeDelivery.Manual_SKR_Regenerate@302552ec</td></tr>
<tr>
<td title='manualLockCodeDelivery.Manual_SKR_Expiration.createSKR()'><b>createSKR</b><br>Test class: manualLockCodeDelivery.Manual_SKR_Expiration</td>
<td></td>
<td>1</td>
<td>manualLockCodeDelivery.Manual_SKR_Expiration@3d285d7e</td></tr>
<tr>
<td title='manualLockCodeDelivery.Fire_safety_code_Regeneration.FscDetails()'><b>FscDetails</b><br>Test class: manualLockCodeDelivery.Fire_safety_code_Regeneration</td>
<td></td>
<td>61</td>
<td>manualLockCodeDelivery.Fire_safety_code_Regeneration@1c1bbc4e</td></tr>
<tr>
<td title='manualLockCodeDelivery.Manual_SKR_Regenerate.DeleteKeys()'><b>DeleteKeys</b><br>Test class: manualLockCodeDelivery.Manual_SKR_Regenerate</td>
<td></td>
<td>5</td>
<td>manualLockCodeDelivery.Manual_SKR_Regenerate@302552ec</td></tr>
<tr>
<td title='manualLockCodeDelivery.Fire_safety_code_generation.testAuth()'><b>testAuth</b><br>Test class: manualLockCodeDelivery.Fire_safety_code_generation</td>
<td></td>
<td>1</td>
<td>manualLockCodeDelivery.Fire_safety_code_generation@ba2f4ec</td></tr>
<tr>
<td title='manualLockCodeDelivery.Manual_GKR_Expire.getCodeDeliveryStatus()'><b>getCodeDeliveryStatus</b><br>Test class: manualLockCodeDelivery.Manual_GKR_Expire</td>
<td></td>
<td>552</td>
<td>manualLockCodeDelivery.Manual_GKR_Expire@bcec361</td></tr>
<tr>
<td title='manualLockCodeDelivery.Manual_GKR_Generate.getKeyDetails()'><b>getKeyDetails</b><br>Test class: manualLockCodeDelivery.Manual_GKR_Generate</td>
<td></td>
<td>481</td>
<td>manualLockCodeDelivery.Manual_GKR_Generate@489115ef</td></tr>
<tr>
<td title='manualLockCodeDelivery.Manual_SKR_Regenerate.getKeyId()'><b>getKeyId</b><br>Test class: manualLockCodeDelivery.Manual_SKR_Regenerate</td>
<td></td>
<td>1</td>
<td>manualLockCodeDelivery.Manual_SKR_Regenerate@302552ec</td></tr>
<tr>
<td title='manualLockCodeDelivery.Manual_SKR_Expiration.getuserId()'><b>getuserId</b><br>Test class: manualLockCodeDelivery.Manual_SKR_Expiration</td>
<td></td>
<td>1</td>
<td>manualLockCodeDelivery.Manual_SKR_Expiration@3d285d7e</td></tr>
<tr>
<td title='manualLockCodeDelivery.Manual_GKR_Expire.testVerify2FA()'><b>testVerify2FA</b><br>Test class: manualLockCodeDelivery.Manual_GKR_Expire</td>
<td></td>
<td>1</td>
<td>manualLockCodeDelivery.Manual_GKR_Expire@bcec361</td></tr>
<tr>
<td title='manualLockCodeDelivery.Manual_GKR_Generate.getCodeDeliveryStatus()'><b>getCodeDeliveryStatus</b><br>Test class: manualLockCodeDelivery.Manual_GKR_Generate</td>
<td></td>
<td>64</td>
<td>manualLockCodeDelivery.Manual_GKR_Generate@489115ef</td></tr>
<tr>
<td title='manualLockCodeDelivery.Manual_SKR_Regenerate.testVerify2FA()'><b>testVerify2FA</b><br>Test class: manualLockCodeDelivery.Manual_SKR_Regenerate</td>
<td></td>
<td>1</td>
<td>manualLockCodeDelivery.Manual_SKR_Regenerate@302552ec</td></tr>
<tr>
<td title='manualLockCodeDelivery.Manual_SKR_Expiration.testAuth()'><b>testAuth</b><br>Test class: manualLockCodeDelivery.Manual_SKR_Expiration</td>
<td></td>
<td>1</td>
<td>manualLockCodeDelivery.Manual_SKR_Expiration@3d285d7e</td></tr>
<tr>
<td title='manualLockCodeDelivery.Manual_GKR_Regeneration.keyRegenerate()'><b>keyRegenerate</b><br>Test class: manualLockCodeDelivery.Manual_GKR_Regeneration</td>
<td></td>
<td>16</td>
<td>manualLockCodeDelivery.Manual_GKR_Regeneration@4e08711f</td></tr>
<tr>
<td title='manualLockCodeDelivery.Common_LockCode_Generation.testAuth()'><b>testAuth</b><br>Test class: manualLockCodeDelivery.Common_LockCode_Generation</td>
<td></td>
<td>1</td>
<td>manualLockCodeDelivery.Common_LockCode_Generation@40005471</td></tr>
<tr>
<td title='manualLockCodeDelivery.Manual_GKR_Regeneration.testAuth()'><b>testAuth</b><br>Test class: manualLockCodeDelivery.Manual_GKR_Regeneration</td>
<td></td>
<td>1</td>
<td>manualLockCodeDelivery.Manual_GKR_Regeneration@4e08711f</td></tr>
<tr>
<td title='manualLockCodeDelivery.Manual_SKR_Regenerate.getuserId()'><b>getuserId</b><br>Test class: manualLockCodeDelivery.Manual_SKR_Regenerate</td>
<td></td>
<td>1</td>
<td>manualLockCodeDelivery.Manual_SKR_Regenerate@302552ec</td></tr>
<tr>
<td title='manualLockCodeDelivery.Manual_SKR_Generate.testAuth()'><b>testAuth</b><br>Test class: manualLockCodeDelivery.Manual_SKR_Generate</td>
<td></td>
<td>1</td>
<td>manualLockCodeDelivery.Manual_SKR_Generate@26794848</td></tr>
<tr>
<td title='manualLockCodeDelivery.Fire_safety_code_generation.FSCDetails()'><b>FSCDetails</b><br>Test class: manualLockCodeDelivery.Fire_safety_code_generation</td>
<td></td>
<td>301</td>
<td>manualLockCodeDelivery.Fire_safety_code_generation@ba2f4ec</td></tr>
<tr>
<td title='manualLockCodeDelivery.Common_LockCode_Generation.testVerify2FA()'><b>testVerify2FA</b><br>Test class: manualLockCodeDelivery.Common_LockCode_Generation</td>
<td></td>
<td>1</td>
<td>manualLockCodeDelivery.Common_LockCode_Generation@40005471</td></tr>
<tr>
<td title='manualLockCodeDelivery.Manual_SKR_Regenerate.testAuth()'><b>testAuth</b><br>Test class: manualLockCodeDelivery.Manual_SKR_Regenerate</td>
<td></td>
<td>1</td>
<td>manualLockCodeDelivery.Manual_SKR_Regenerate@302552ec</td></tr>
<tr>
<td title='manualLockCodeDelivery.Guest_master_code_Regeneration.RegenerateGMC()'><b>RegenerateGMC</b><br>Test class: manualLockCodeDelivery.Guest_master_code_Regeneration</td>
<td></td>
<td>18</td>
<td>manualLockCodeDelivery.Guest_master_code_Regeneration@49438269</td></tr>
<tr>
<td title='manualLockCodeDelivery.Guest_master_code_Generation.testAuth()'><b>testAuth</b><br>Test class: manualLockCodeDelivery.Guest_master_code_Generation</td>
<td></td>
<td>1</td>
<td>manualLockCodeDelivery.Guest_master_code_Generation@367ffa75</td></tr>
<tr>
<td title='manualLockCodeDelivery.Guest_master_code_Regeneration.testAuth()'><b>testAuth</b><br>Test class: manualLockCodeDelivery.Guest_master_code_Regeneration</td>
<td></td>
<td>1</td>
<td>manualLockCodeDelivery.Guest_master_code_Regeneration@49438269</td></tr>
<tr>
<td title='manualLockCodeDelivery.Guest_master_code_Regeneration.getCodeDeliveryStatus()'><b>getCodeDeliveryStatus</b><br>Test class: manualLockCodeDelivery.Guest_master_code_Regeneration</td>
<td></td>
<td>242</td>
<td>manualLockCodeDelivery.Guest_master_code_Regeneration@49438269</td></tr>
<tr>
<td title='manualLockCodeDelivery.Guest_master_code_Regeneration.getGMCDetails()'><b>getGMCDetails</b><br>Test class: manualLockCodeDelivery.Guest_master_code_Regeneration</td>
<td></td>
<td>361</td>
<td>manualLockCodeDelivery.Guest_master_code_Regeneration@49438269</td></tr>
<tr>
<td title='manualLockCodeDelivery.Manual_SKR_Generate.getKeyDetails()'><b>getKeyDetails</b><br>Test class: manualLockCodeDelivery.Manual_SKR_Generate</td>
<td></td>
<td>2</td>
<td>manualLockCodeDelivery.Manual_SKR_Generate@26794848</td></tr>
<tr>
<td title='manualLockCodeDelivery.Manual_SKR_Expiration.getKeyDetails()'><b>getKeyDetails</b><br>Test class: manualLockCodeDelivery.Manual_SKR_Expiration</td>
<td></td>
<td>541</td>
<td>manualLockCodeDelivery.Manual_SKR_Expiration@3d285d7e</td></tr>
<tr>
<td title='manualLockCodeDelivery.Manual_GKR_Regeneration.getCodeDeliveryStatus()'><b>getCodeDeliveryStatus</b><br>Test class: manualLockCodeDelivery.Manual_GKR_Regeneration</td>
<td></td>
<td>364</td>
<td>manualLockCodeDelivery.Manual_GKR_Regeneration@4e08711f</td></tr>
<tr>
<td title='manualLockCodeDelivery.Guest_master_code_Generation.Generate_Guest_Master_codes()'><b>Generate_Guest_Master_codes</b><br>Test class: manualLockCodeDelivery.Guest_master_code_Generation</td>
<td></td>
<td>1</td>
<td>manualLockCodeDelivery.Guest_master_code_Generation@367ffa75</td></tr>
<tr>
<td title='manualLockCodeDelivery.Manual_SKR_Generate.testVerify2FA()'><b>testVerify2FA</b><br>Test class: manualLockCodeDelivery.Manual_SKR_Generate</td>
<td></td>
<td>1</td>
<td>manualLockCodeDelivery.Manual_SKR_Generate@26794848</td></tr>
<tr>
<td title='manualLockCodeDelivery.Common_LockCode_Regeneration.RegenerateClc()'><b>RegenerateClc</b><br>Test class: manualLockCodeDelivery.Common_LockCode_Regeneration</td>
<td></td>
<td>3</td>
<td>manualLockCodeDelivery.Common_LockCode_Regeneration@2cd76f31</td></tr>
<tr>
<td title='manualLockCodeDelivery.Guest_master_code_Generation.getCodeDeliveryStatus()'><b>getCodeDeliveryStatus</b><br>Test class: manualLockCodeDelivery.Guest_master_code_Generation</td>
<td></td>
<td>2</td>
<td>manualLockCodeDelivery.Guest_master_code_Generation@367ffa75</td></tr>
</table><p>
</body>
</html>