<?xml version="1.0" encoding="UTF-8"?>
<!-- Generated by org.testng.reporters.JUnitReportReporter -->
<testsuite hostname="AmerkhanPC" failures="1" tests="6" name="manualLockCodeDelivery.Manual_SKR_Generate" time="408.218" errors="0" timestamp="2023-09-14T13:44:06 IST" skipped="0">
  <testcase classname="manualLockCodeDelivery.Manual_SKR_Generate" name="testAuth" time="3.161"/>
  <testcase classname="manualLockCodeDelivery.Manual_SKR_Generate" name="testVerify2FA" time="1.427"/>
  <testcase classname="manualLockCodeDelivery.Manual_SKR_Generate" name="getuserId" time="9.062"/>
  <testcase classname="manualLockCodeDelivery.Manual_SKR_Generate" name="createSKR" time="29.646"/>
  <testcase classname="manualLockCodeDelivery.Manual_SKR_Generate" name="getKeyDetails" time="1.436"/>
  <testcase classname="manualLockCodeDelivery.Manual_SKR_Generate" name="getCodeDeliveryStatus" time="363.486">
    <failure message="expected [true] but found [false]" type="java.lang.AssertionError">
      <![CDATA[java.lang.AssertionError: expected [true] but found [false]
at org.testng.Assert.fail(Assert.java:111)
at org.testng.Assert.failNotEquals(Assert.java:1578)
at org.testng.Assert.assertTrue(Assert.java:57)
at org.testng.Assert.assertTrue(Assert.java:67)
at manualLockCodeDelivery.Manual_SKR_Generate.getCodeDeliveryStatus(Manual_SKR_Generate.java:191)
at java.base/jdk.internal.reflect.DirectMethodHandleAccessor.invoke(DirectMethodHandleAccessor.java:104)
at java.base/java.lang.reflect.Method.invoke(Method.java:578)
at org.testng.internal.invokers.MethodInvocationHelper.invokeMethod(MethodInvocationHelper.java:139)
at org.testng.internal.invokers.TestInvoker.invokeMethod(TestInvoker.java:664)
at org.testng.internal.invokers.TestInvoker.invokeTestMethod(TestInvoker.java:227)
at org.testng.internal.invokers.MethodRunner.runInSequence(MethodRunner.java:50)
at org.testng.internal.invokers.TestInvoker$MethodInvocationAgent.invoke(TestInvoker.java:957)
at org.testng.internal.invokers.TestInvoker.invokeTestMethods(TestInvoker.java:200)
at org.testng.internal.invokers.TestMethodWorker.invokeTestMethods(TestMethodWorker.java:148)
at org.testng.internal.invokers.TestMethodWorker.run(TestMethodWorker.java:128)
at java.base/java.util.concurrent.ThreadPoolExecutor.runWorker(ThreadPoolExecutor.java:1144)
at java.base/java.util.concurrent.ThreadPoolExecutor$Worker.run(ThreadPoolExecutor.java:642)
at java.base/java.lang.Thread.run(Thread.java:1589)
]]>
    </failure>
  </testcase> <!-- getCodeDeliveryStatus -->
</testsuite> <!-- manualLockCodeDelivery.Manual_SKR_Generate -->
